Removed Pin From Net: NetName=NetD2_1 Pin=D2-1
Removed Pin From Net: NetName=NetD2_2 Pin=D2-2
Removed Pin From Net: NetName=NetD3_1 Pin=D3-1
Removed Pin From Net: NetName=NetD3_2 Pin=D3-2
Removed Pin From Net: NetName=NetERR1_1 Pin=ERR1-1
Removed Pin From Net: NetName=NetERR1_2 Pin=ERR1-2
Removed Pin From Net: NetName=VCC Pin=ERR1-3
Removed Pin From Net: NetName=NetERR2_1 Pin=ERR2-1
Removed Pin From Net: NetName=NetERR2_2 Pin=ERR2-2
Removed Pin From Net: NetName=VCC Pin=ERR2-3
Removed Pin From Net: NetName=NetINV-1_1 Pin=INV-1-1
Removed Pin From Net: NetName=NetINV-1_2 Pin=INV-1-2
Removed Pin From Net: NetName=GND Pin=INV-1-3
Removed Pin From Net: NetName=NetINV-2_1 Pin=INV-2-1
Removed Pin From Net: NetName=GND Pin=INV-2-3
Removed Pin From Net: NetName=NetINV-1_1 Pin=MCU-3
Removed Pin From Net: NetName=NetINV-2_1 Pin=MCU-4
Removed Pin From Net: NetName=NetERR1_1 Pin=MCU-5
Removed Pin From Net: NetName=NetERR2_1 Pin=MCU-6
Removed Pin From Net: NetName=NetPA-EN_1 Pin=Q1-1
Removed Pin From Net: NetName=NetPA-EN_1 Pin=Q1-1
Removed Pin From Net: NetName=NetPA-EN_1 Pin=Q1-1
Removed Pin From Net: NetName=NetD2_1 Pin=Q1-5
Removed Pin From Net: NetName=NetD2_1 Pin=Q1-5
Removed Pin From Net: NetName=NetD2_1 Pin=Q1-5
Removed Pin From Net: NetName=NetD2_1 Pin=Q1-5
Removed Pin From Net: NetName=NetC6_1 Pin=Q2-1
Removed Pin From Net: NetName=NetC6_1 Pin=Q2-1
Removed Pin From Net: NetName=NetC6_1 Pin=Q2-1
Removed Pin From Net: NetName=NetD2_1 Pin=Q2-5
Removed Pin From Net: NetName=NetD2_1 Pin=Q2-5
Removed Pin From Net: NetName=NetD2_1 Pin=Q2-5
Removed Pin From Net: NetName=NetD2_1 Pin=Q2-5
Removed Pin From Net: NetName=NetPA-EN_1 Pin=Q3-1
Removed Pin From Net: NetName=NetPA-EN_1 Pin=Q3-1
Removed Pin From Net: NetName=NetPA-EN_1 Pin=Q3-1
Removed Pin From Net: NetName=NetD3_1 Pin=Q3-5
Removed Pin From Net: NetName=NetD3_1 Pin=Q3-5
Removed Pin From Net: NetName=NetD3_1 Pin=Q3-5
Removed Pin From Net: NetName=NetD3_1 Pin=Q3-5
Removed Pin From Net: NetName=NetC6_1 Pin=Q4-1
Removed Pin From Net: NetName=NetC6_1 Pin=Q4-1
Removed Pin From Net: NetName=NetC6_1 Pin=Q4-1
Removed Pin From Net: NetName=NetD3_1 Pin=Q4-5
Removed Pin From Net: NetName=NetD3_1 Pin=Q4-5
Removed Pin From Net: NetName=NetD3_1 Pin=Q4-5
Removed Pin From Net: NetName=NetD3_1 Pin=Q4-5
Removed Pin From Net: NetName=GND Pin=Q5-1
Removed Pin From Net: NetName=GND Pin=Q5-1
Removed Pin From Net: NetName=GND Pin=Q5-1
Removed Pin From Net: NetName=NetPA-EN_1 Pin=Q5-5
Removed Pin From Net: NetName=NetPA-EN_1 Pin=Q5-5
Removed Pin From Net: NetName=NetPA-EN_1 Pin=Q5-5
Removed Pin From Net: NetName=NetPA-EN_1 Pin=Q5-5
Removed Pin From Net: NetName=NetD2_1 Pin=R1-1
Removed Pin From Net: NetName=NetD3_1 Pin=R2-1
Removed Pin From Net: NetName=NetERR1_2 Pin=U1-1
Removed Pin From Net: NetName=NetINV-1_2 Pin=U1-2
Removed Pin From Net: NetName=GND Pin=U1-3
Removed Pin From Net: NetName=GND Pin=U1-5
Removed Pin From Net: NetName=GND Pin=U1-6
Removed Pin From Net: NetName=NetD2_2 Pin=U1-8
Removed Pin From Net: NetName=VCC Pin=U1-14
Removed Pin From Net: NetName=VCC Pin=U1-15
Removed Pin From Net: NetName=NetMCU_1 Pin=U1-16
Removed Pin From Net: NetName=NetERR2_2 Pin=U2-1
Removed Pin From Net: NetName=GND Pin=U2-3
Removed Pin From Net: NetName=GND Pin=U2-5
Removed Pin From Net: NetName=GND Pin=U2-6
Removed Pin From Net: NetName=NetD3_2 Pin=U2-8
Removed Pin From Net: NetName=VCC Pin=U2-14
Removed Pin From Net: NetName=VCC Pin=U2-15
Removed Pin From Net: NetName=NetMCU_2 Pin=U2-16
Removed Member From Class: ClassName=DVT-Discrete Member=D2
Removed Member From Class: ClassName=DVT-Discrete Member=D3
Removed Member From Class: ClassName=DVT-Discrete Member=ERR1
Removed Member From Class: ClassName=DVT-Discrete Member=ERR2
Removed Member From Class: ClassName=DVT-Discrete Member=INV-1
Removed Member From Class: ClassName=DVT-Discrete Member=INV-2
Removed Member From Class: ClassName=DVT-Discrete Member=N_P-1
Removed Member From Class: ClassName=DVT-Discrete Member=N_P-2
Removed Member From Class: ClassName=DVT-Discrete Member=Q5
Removed Member From Class: ClassName=DVT-Discrete Member=R-Gate-H
Removed Member From Class: ClassName=DVT-Discrete Member=R-Gate-L
Removed Member From Class: ClassName=DVT-Discrete Member=U1
Removed Member From Class: ClassName=DVT-Discrete Member=U2
Change Component DesignItemId : Designator=Q2 Old DesignItemId=XTR2N0525-D New DesignItemId=XTR20411A-D
Change Component DesignItemId : Designator=Q4 Old DesignItemId=XTR2N0525-D New DesignItemId=XTR20411A-D
Change Component DesignItemId : Designator=Q3 Old DesignItemId=XTR2N0825-D New DesignItemId=XTR20411A-D
Change Component Comment : Designator=Q2 Old Comment=XTR2N0525-D New Comment=XTR20411A-D
Change Component Comment : Designator=Q4 Old Comment=XTR2N0525-D New Comment=XTR20411A-D
Change Component Comment : Designator=Q3 Old Comment=XTR2N0825-D New Comment=XTR20411A-D
Change Component Designator: OldDesignator=Q2 NewDesignator=Q1
Change Component Description : Designator=Q3 Old Description=N-FET, 80V@ 4A New Description=Gate driver
Change Component Description : Designator=Q1 Old Description=P-FET, 50V@ 4A New Description=Gate driver
Change Component Description : Designator=Q4 Old Description=P-FET, 50V@ 4A New Description=Gate driver
Change Component Library : Designator=Q1 Old Library=Discrete.IntLib New Library=ICs.IntLib
Change Component Library : Designator=Q3 Old Library=Discrete.IntLib New Library=ICs.IntLib
Change Component Library : Designator=Q4 Old Library=Discrete.IntLib New Library=ICs.IntLib
Added Component: Designator=C8(Dummy-10mm)
Added Component: Designator=C9(Dummy-10mm)
Added Component: Designator=Q2(DIP-8-Ceramic-HT)
Added Pin To Net: NetName=NetC6_1 Pin=C4-1
Added Pin To Net: NetName=NetC6_1 Pin=C5-1
Added Pin To Net: NetName=NetC6_1 Pin=C8-1
Added Pin To Net: NetName=GND Pin=C8-2
Added Pin To Net: NetName=NetC6_1 Pin=C9-1
Added Pin To Net: NetName=GND Pin=C9-2
Added Pin To Net: NetName=NetD2_1 Pin=D1-2
Added Pin To Net: NetName=NetD2_2 Pin=MCU-3
Added Pin To Net: NetName=NetD3_1 Pin=MCU-4
Added Pin To Net: NetName=NetD3_2 Pin=MCU-5
Added Pin To Net: NetName=NetERR1_1 Pin=MCU-6
Added Pin To Net: NetName=NetD2_1 Pin=PVCC-1
Added Pin To Net: NetName=NetERR1_2 Pin=Q1-1
Added Pin To Net: NetName=NetERR1_2 Pin=Q1-1
Added Pin To Net: NetName=NetERR1_2 Pin=Q1-1
Added Pin To Net: NetName=VCC Pin=Q1-4
Added Pin To Net: NetName=NetERR2_1 Pin=Q1-5
Added Pin To Net: NetName=NetERR2_1 Pin=Q1-5
Added Pin To Net: NetName=NetERR2_1 Pin=Q1-5
Added Pin To Net: NetName=NetERR2_1 Pin=Q1-5
Added Pin To Net: NetName=NetPA-EN_1 Pin=Q2-1
Added Pin To Net: NetName=NetERR1_2 Pin=Q2-2
Added Pin To Net: NetName=NetC6_1 Pin=Q2-3
Added Pin To Net: NetName=VCC Pin=Q2-4
Added Pin To Net: NetName=NetERR2_2 Pin=Q2-5
Added Pin To Net: NetName=NetPA-EN_1 Pin=Q2-6
Added Pin To Net: NetName=NetPA-EN_1 Pin=Q2-7
Added Pin To Net: NetName=NetPA-EN_1 Pin=Q2-8
Added Pin To Net: NetName=NetINV-1_1 Pin=Q3-1
Added Pin To Net: NetName=NetINV-1_1 Pin=Q3-1
Added Pin To Net: NetName=NetINV-1_1 Pin=Q3-1
Added Pin To Net: NetName=VCC Pin=Q3-4
Added Pin To Net: NetName=NetINV-1_2 Pin=Q3-5
Added Pin To Net: NetName=NetINV-1_2 Pin=Q3-5
Added Pin To Net: NetName=NetINV-1_2 Pin=Q3-5
Added Pin To Net: NetName=NetINV-1_2 Pin=Q3-5
Added Pin To Net: NetName=NetINV-1_1 Pin=Q4-1
Added Pin To Net: NetName=NetINV-1_1 Pin=Q4-1
Added Pin To Net: NetName=NetINV-1_1 Pin=Q4-1
Added Pin To Net: NetName=VCC Pin=Q4-4
Added Pin To Net: NetName=NetINV-2_1 Pin=Q4-5
Added Pin To Net: NetName=NetINV-2_1 Pin=Q4-5
Added Pin To Net: NetName=NetINV-2_1 Pin=Q4-5
Added Pin To Net: NetName=NetINV-2_1 Pin=Q4-5
Added Pin To Net: NetName=NetERR1_2 Pin=R1-1
Added Pin To Net: NetName=NetINV-1_1 Pin=R2-1
Change Net Name : Old Net Name=NetC6_1 New Net Name=PVDD
Change Net Name : Old Net Name=NetD2_1 New Net Name=NetD1_2
Change Net Name : Old Net Name=NetD2_2 New Net Name=NetMCU_3
Change Net Name : Old Net Name=NetD3_1 New Net Name=NetMCU_4
Change Net Name : Old Net Name=NetD3_2 New Net Name=NetMCU_5
Change Net Name : Old Net Name=NetERR1_1 New Net Name=NetMCU_6
Change Net Name : Old Net Name=NetERR1_2 New Net Name=NetQ1_1
Change Net Name : Old Net Name=NetERR2_1 New Net Name=NetQ1_5
Change Net Name : Old Net Name=NetERR2_2 New Net Name=NetQ2_5
Change Net Name : Old Net Name=NetINV-1_1 New Net Name=NetQ3_1
Change Net Name : Old Net Name=NetINV-1_2 New Net Name=NetQ3_5
Change Net Name : Old Net Name=NetINV-2_1 New Net Name=NetQ4_5
Added Member To Class: ClassName=DVT-Discrete Member=Component C8 Capacitor-Dummy-THT
Added Member To Class: ClassName=DVT-Discrete Member=Component C9 Capacitor-Dummy-THT
