Removed Pin From Net: NetName=NetD2_1 Pin=Q1-1
Removed Pin From Net: NetName=GND Pin=Q1-2
Removed Pin From Net: NetName=NetQ1_3 Pin=Q1-3
Removed Pin From Net: NetName=NetD2_1 Pin=Q2-1
Removed Pin From Net: NetName=NetC6_1 Pin=Q2-2
Removed Pin From Net: NetName=NetQ1_3 Pin=Q2-3
Removed Pin From Net: NetName=NetD3_1 Pin=Q3-1
Removed Pin From Net: NetName=GND Pin=Q3-2
Removed Pin From Net: NetName=NetQ3_3 Pin=Q3-3
Removed Pin From Net: NetName=NetD3_1 Pin=Q4-1
Removed Pin From Net: NetName=NetC6_1 Pin=Q4-2
Removed Pin From Net: NetName=NetQ3_3 Pin=Q4-3
Removed Pin From Net: NetName=NetQ1_3 Pin=R-Gate-H-1
Removed Pin From Net: NetName=NetQ3_3 Pin=R-Gate-L-1
Change Component DesignItemId : Designator=Q2 Old DesignItemId=XTR2N0525-T New DesignItemId=XTR2N0525-D
Change Component DesignItemId : Designator=Q4 Old DesignItemId=XTR2N0525-T New DesignItemId=XTR2N0525-D
Change Component DesignItemId : Designator=Q1 Old DesignItemId=XTR2N0825-T New DesignItemId=XTR2N0825-D
Change Component DesignItemId : Designator=Q3 Old DesignItemId=XTR2N0825-T New DesignItemId=XTR2N0825-D
Change Component Footprint: Designator=Q1 Old Footprint=TO220V New Footprint=DIP-8-Ceramic-HT
Change Component Footprint: Designator=Q2 Old Footprint=TO220V New Footprint=DIP-8-Ceramic-HT
Change Component Footprint: Designator=Q3 Old Footprint=TO220V New Footprint=DIP-8-Ceramic-HT
Change Component Footprint: Designator=Q4 Old Footprint=TO220V New Footprint=DIP-8-Ceramic-HT
Change Component Comment : Designator=Q2 Old Comment=XTR2N0525-T New Comment=XTR2N0525-D
Change Component Comment : Designator=Q4 Old Comment=XTR2N0525-T New Comment=XTR2N0525-D
Change Component Comment : Designator=Q1 Old Comment=XTR2N0825-T New Comment=XTR2N0825-D
Change Component Comment : Designator=Q3 Old Comment=XTR2N0825-T New Comment=XTR2N0825-D
Added Component: Designator=PA-EN(HDR1X2)
Added Component: Designator=Q5(DIP-8-Ceramic-HT)
Added Pin To Net: NetName=NetQ1_3 Pin=PA-EN-1
Added Pin To Net: NetName=GND Pin=PA-EN-2
Added Pin To Net: NetName=NetQ1_3 Pin=Q1-1
Added Pin To Net: NetName=NetQ1_3 Pin=Q1-1
Added Pin To Net: NetName=NetQ1_3 Pin=Q1-1
Added Pin To Net: NetName=NetQ3_3 Pin=Q1-4
Added Pin To Net: NetName=NetD2_1 Pin=Q1-5
Added Pin To Net: NetName=NetD2_1 Pin=Q1-5
Added Pin To Net: NetName=NetD2_1 Pin=Q1-5
Added Pin To Net: NetName=NetD2_1 Pin=Q1-5
Added Pin To Net: NetName=NetC6_1 Pin=Q2-1
Added Pin To Net: NetName=NetC6_1 Pin=Q2-1
Added Pin To Net: NetName=NetC6_1 Pin=Q2-1
Added Pin To Net: NetName=NetQ3_3 Pin=Q2-4
Added Pin To Net: NetName=NetD2_1 Pin=Q2-5
Added Pin To Net: NetName=NetD2_1 Pin=Q2-5
Added Pin To Net: NetName=NetD2_1 Pin=Q2-5
Added Pin To Net: NetName=NetD2_1 Pin=Q2-5
Added Pin To Net: NetName=NetQ1_3 Pin=Q3-1
Added Pin To Net: NetName=NetQ1_3 Pin=Q3-1
Added Pin To Net: NetName=NetQ1_3 Pin=Q3-1
Added Pin To Net: NetName=NetD3_1 Pin=Q3-5
Added Pin To Net: NetName=NetD3_1 Pin=Q3-5
Added Pin To Net: NetName=NetD3_1 Pin=Q3-5
Added Pin To Net: NetName=NetD3_1 Pin=Q3-5
Added Pin To Net: NetName=NetC6_1 Pin=Q4-1
Added Pin To Net: NetName=NetC6_1 Pin=Q4-1
Added Pin To Net: NetName=NetC6_1 Pin=Q4-1
Added Pin To Net: NetName=NetD3_1 Pin=Q4-5
Added Pin To Net: NetName=NetD3_1 Pin=Q4-5
Added Pin To Net: NetName=NetD3_1 Pin=Q4-5
Added Pin To Net: NetName=NetD3_1 Pin=Q4-5
Added Pin To Net: NetName=GND Pin=Q5-1
Added Pin To Net: NetName=GND Pin=Q5-1
Added Pin To Net: NetName=GND Pin=Q5-1
Added Pin To Net: NetName=NetQ1_3 Pin=Q5-5
Added Pin To Net: NetName=NetQ1_3 Pin=Q5-5
Added Pin To Net: NetName=NetQ1_3 Pin=Q5-5
Added Pin To Net: NetName=NetQ1_3 Pin=Q5-5
Added Pin To Net: NetName=NetQ3_3 Pin=R-Gate-H-1
Change Net Name : Old Net Name=NetQ1_3 New Net Name=NetPA-EN_1
Change Net Name : Old Net Name=NetQ3_3 New Net Name=NetQ1_4
Added Pin To Net: NetName=NetQ3_4 Pin=Q3-4
Added Pin To Net: NetName=NetQ3_4 Pin=Q4-4
Added Pin To Net: NetName=NetQ3_4 Pin=R-Gate-L-1
Added Net: Name=NetQ3_4
Added Member To Class: ClassName=DVT-Discrete Member=Component PA-EN Plug_2_90_2.54
Added Member To Class: ClassName=DVT-Discrete Member=Component Q5 XTR2N0825-D
