Added Component: Designator=C8(KEMET-C052H)
Added Component: Designator=C9(KEMET-C052H)
Added Component: Designator=R_Rec-End(Dummy-10mm)
Added Component: Designator=RX(Phoenix-2-5_08)
Added Component: Designator=U2(Honeywell-SO8)
Added Pin To Net: NetName=GND Pin=C8-2
Added Pin To Net: NetName=GND Pin=C9-2
Added Pin To Net: NetName=GND Pin=P2-12
Added Pin To Net: NetName=GND Pin=U2-8
Added Pin To Net: NetName=5V Pin=C8-1
Added Pin To Net: NetName=5V Pin=C9-1
Added Pin To Net: NetName=5V Pin=U2-2
Added Pin To Net: NetName=5V Pin=U2-7
Added Net: Name=5V
Added Pin To Net: NetName=NetR_Rec-End_1 Pin=R_Rec-End-1
Added Pin To Net: NetName=NetR_Rec-End_1 Pin=RX-2
Added Pin To Net: NetName=NetR_Rec-End_1 Pin=U2-5
Added Net: Name=NetR_Rec-End_1
Added Pin To Net: NetName=NetR_Rec-End_2 Pin=R_Rec-End-2
Added Pin To Net: NetName=NetR_Rec-End_2 Pin=RX-1
Added Pin To Net: NetName=NetR_Rec-End_2 Pin=U2-4
Added Net: Name=NetR_Rec-End_2
Added Member To Class: ClassName=Manchester-Comparator_Module Member=Component C8 100nF_50V_THT_HT
Added Member To Class: ClassName=Manchester-Comparator_Module Member=Component C9 100nF_50V_THT_HT
Added Member To Class: ClassName=Manchester-Comparator_Module Member=Component R_Rec-End Resistor-Dummy-THT
Added Member To Class: ClassName=Manchester-Comparator_Module Member=Component RX PHOENIX_1715721
Added Member To Class: ClassName=Manchester-Comparator_Module Member=Component U2 HMXCMP01DEN
