(------------------------------------------------------------)
(                                                            )
(                    NC DRILL LOG FILE                       )
(                                                            )
(        Drawing    : 6695ra.brd                             )
(        Date/Time  : Wed Mar 21 14:56:02 2012               )
(                                                            )
(------------------------------------------------------------)



 Processing NC Parameters file ...

 NC PARAMETERS
 -------------

 FORMAT   		2.5
 MACHINE-OFFSET		x:0.000000	y:0.000000
 FEEDRATE		1
 COORDINATES		ABSOLUTE
 OUTPUT-UNITS		ENGLISH
 TOOL-ORDER		INCREASING
 REPEAT-CODES		YES
 SUPPRESS-LEAD-ZEROES	NO
 SUPPRESS-TRAIL-ZEROES	NO
 SUPPRESS-EQUAL		NO
 TOOL-SELECT		NO
 HEADER			none
 LEADER			12
 CODE			ASCII
 SEPARATE		NO
 OPTIMIZE_DRILLING	NO
 ENHANCED_EXCELLON	NO
 SCALE			1.000000

 WARNING: Design precision is the same as that of the drill output file data.
          Data rounding errors may still be possible.


 Drill files being output to directory '' ...



     '6695ra-1-4.drl' created for holes connecting TOP and BOTTOM
     ------------------------------------------------------------

           Num     Size      +/- Tolerance     Plating   Quantity

            1.  12.0000    3.0000/  3.0000      PLATED         92
            2.  13.0000    3.0000/  3.0000      PLATED          1
            3.  35.0000    3.0000/  3.0000      PLATED          8
            4.  40.0000    3.0000/  3.0000      PLATED         87
            5.  63.0000    3.0000/  3.0000      PLATED          7
            6.  64.0000    3.0000/  3.0000      PLATED          2
            7. 125.0000    3.0000/  3.0000      PLATED          2
            8. 128.0000    3.0000/  3.0000      PLATED          2
            9. 103.0000    3.0000/  3.0000  NON_PLATED          2

     ---- Total holes:                                        203

     ---- Total head travel:              5.82 feet (1.77 meters)

