(------------------------------------------------------------)
(                                                            )
(        ARTWORK LOG                                         )
(                                                            )
(        Drawing          : 6695ra.brd                       )
(        Software Version : 15.7s001                         )
(        Date/Time        : Fri Apr 20 09:09:53 2012         )
(                                                            )
(------------------------------------------------------------)


Fri Apr 20 09:09:53 2012				Page     1

Photoplot log file
Results from parameter file ...

DEVICE-TYPE           GERBER_RS274X
OUTPUT-UNITS          INCHES
FILM-SIZE             3000000 3000000
FORMAT                2.5
ABORT-ON-ERROR        YES
SCALE                 1
SUPPRESS-LEAD-ZEROES  YES
SUPPRESS-TRAIL-ZEROES NO
SUPPRESS-EQUAL        YES
UNDEF-APT-CONT        NO


================================================================
     PROCESSING FILM < 6695ra_L4.art > ...
================================================================

  FILM PARAMETERS :
  ---------------------------------------------------------
  Undefined line width                8.00
  Suppress shape fill on neg film     NO
  Mirror code                         NONE
  Rotate angle                        NONE
  Offset x:                           0.00
  Offset y:                           0.00
  Plot negative                       NO
  Suppress unconnected internal pads  NO



  APERTURES USED:
  ---------------------------------------------------------
  TYPE       SIZE/NAME                   ROT   MIRROR MODE 
  ---------------------------------------------------------
  CIRCLE     0.00500                                  DARK 
  CIRCLE     0.00580                                  DARK 
  CIRCLE     0.00600                                  DARK 
  CIRCLE     0.00800                                  DARK 
  CIRCLE     0.01000                                  DARK 
  CIRCLE     0.01500                                  DARK 
  CIRCLE     0.01900                                  DARK 
  CIRCLE     0.02400                                  DARK 
  CIRCLE     0.02500                                  DARK 
  CIRCLE     0.06500                                  DARK 
  CIRCLE     0.09300                                  DARK 
  CIRCLE     0.09400                                  DARK 
  CIRCLE     0.12500                                  DARK 
  CIRCLE     0.16000                                  DARK 
  CIRCLE     0.20000                                  DARK 
  SQUARE     0.06500                     0.000 NO     DARK 
  RECTANGLE  0.02500     x 0.04500      90.000 NO     DARK 
  RECTANGLE  0.03800     x 0.03000       0.000 NO     DARK 
  RECTANGLE  0.03800     x 0.03000      90.000 NO     DARK 
  RECTANGLE  0.04000     x 0.04500      90.000 NO     DARK 

     6695ra_L4 created.


================================================================
     PROCESSING FILM < 6695ra_BA.art > ...
================================================================

  FILM PARAMETERS :
  ---------------------------------------------------------
  Undefined line width                8.00
  Suppress shape fill on neg film     NO
  Mirror code                         NONE
  Rotate angle                        NONE
  Offset x:                           0.00
  Offset y:                           0.00
  Plot negative                       NO
  Suppress unconnected internal pads  NO



  APERTURES USED:
  ---------------------------------------------------------
  TYPE       SIZE/NAME                   ROT   MIRROR MODE 
  ---------------------------------------------------------
  CIRCLE     0.00500                                  DARK 
  CIRCLE     0.00600                                  DARK 
  CIRCLE     0.00800                                  DARK 
  CIRCLE     0.02500                                  DARK 
  CIRCLE     0.06500                                  DARK 
  CIRCLE     0.09300                                  DARK 
  CIRCLE     0.09400                                  DARK 
  CIRCLE     0.12500                                  DARK 
  CIRCLE     0.16000                                  DARK 
  CIRCLE     0.20000                                  DARK 
  SQUARE     0.06500                     0.000 NO     DARK 
  RECTANGLE  0.02500     x 0.04500      90.000 NO     DARK 
  RECTANGLE  0.03800     x 0.03000       0.000 NO     DARK 
  RECTANGLE  0.03800     x 0.03000      90.000 NO     DARK 
  RECTANGLE  0.04000     x 0.04500      90.000 NO     DARK 

     6695ra_BA created.


================================================================
     PROCESSING FILM < 6695ra_BM.art > ...
================================================================

  FILM PARAMETERS :
  ---------------------------------------------------------
  Undefined line width                8.00
  Suppress shape fill on neg film     NO
  Mirror code                         NONE
  Rotate angle                        NONE
  Offset x:                           0.00
  Offset y:                           0.00
  Plot negative                       NO
  Suppress unconnected internal pads  NO



  APERTURES USED:
  ---------------------------------------------------------
  TYPE       SIZE/NAME                   ROT   MIRROR MODE 
  ---------------------------------------------------------
  CIRCLE     0.00500                                  DARK 
  CIRCLE     0.00600                                  DARK 
  CIRCLE     0.00800                                  DARK 
  CIRCLE     0.03000                                  DARK 
  CIRCLE     0.07000                                  DARK 
  CIRCLE     0.09800                                  DARK 
  CIRCLE     0.09900                                  DARK 
  CIRCLE     0.13500                                  DARK 
  CIRCLE     0.18000                                  DARK 
  CIRCLE     0.21000                                  DARK 
  SQUARE     0.07000                     0.000 NO     DARK 
  RECTANGLE  0.03000     x 0.05000      90.000 NO     DARK 
  RECTANGLE  0.04300     x 0.03500       0.000 NO     DARK 
  RECTANGLE  0.04300     x 0.03500      90.000 NO     DARK 
  RECTANGLE  0.04500     x 0.05000      90.000 NO     DARK 

     6695ra_BM created.


================================================================
     PROCESSING FILM < 6695ra_BP.art > ...
================================================================

  FILM PARAMETERS :
  ---------------------------------------------------------
  Undefined line width                8.00
  Suppress shape fill on neg film     NO
  Mirror code                         NONE
  Rotate angle                        NONE
  Offset x:                           0.00
  Offset y:                           0.00
  Plot negative                       NO
  Suppress unconnected internal pads  NO



  APERTURES USED:
  ---------------------------------------------------------
  TYPE       SIZE/NAME                   ROT   MIRROR MODE 
  ---------------------------------------------------------
  CIRCLE     0.00500                                  DARK 
  CIRCLE     0.00600                                  DARK 
  CIRCLE     0.00800                                  DARK 
  RECTANGLE  0.02500     x 0.04500      90.000 NO     DARK 
  RECTANGLE  0.03800     x 0.03000       0.000 NO     DARK 
  RECTANGLE  0.03800     x 0.03000      90.000 NO     DARK 
  RECTANGLE  0.04000     x 0.04500      90.000 NO     DARK 

     6695ra_BP created.


================================================================
     PROCESSING FILM < 6695ra_BS.art > ...
================================================================

  FILM PARAMETERS :
  ---------------------------------------------------------
  Undefined line width                5.00
  Suppress shape fill on neg film     NO
  Mirror code                         NONE
  Rotate angle                        NONE
  Offset x:                           0.00
  Offset y:                           0.00
  Plot negative                       NO
  Suppress unconnected internal pads  NO



  APERTURES USED:
  ---------------------------------------------------------
  TYPE       SIZE/NAME                   ROT   MIRROR MODE 
  ---------------------------------------------------------
  CIRCLE     0.00500                                  DARK 
  CIRCLE     0.00600                                  DARK 
  CIRCLE     0.00800                                  DARK 

     6695ra_BS created.


================================================================
     PROCESSING FILM < 6695ra_DRL.art > ...
================================================================

  FILM PARAMETERS :
  ---------------------------------------------------------
  Undefined line width                8.00
  Suppress shape fill on neg film     NO
  Mirror code                         NONE
  Rotate angle                        NONE
  Offset x:                           0.00
  Offset y:                           0.00
  Plot negative                       NO
  Suppress unconnected internal pads  NO



  APERTURES USED:
  ---------------------------------------------------------
  TYPE       SIZE/NAME                   ROT   MIRROR MODE 
  ---------------------------------------------------------
  CIRCLE     0.00500                                  DARK 
  CIRCLE     0.00600                                  DARK 
  CIRCLE     0.00800                                  DARK 
  CIRCLE     0.02000                                  DARK 

     6695ra_DRL created.


================================================================
     PROCESSING FILM < 6695ra_L1.art > ...
================================================================

  FILM PARAMETERS :
  ---------------------------------------------------------
  Undefined line width                8.00
  Suppress shape fill on neg film     NO
  Mirror code                         NONE
  Rotate angle                        NONE
  Offset x:                           0.00
  Offset y:                           0.00
  Plot negative                       NO
  Suppress unconnected internal pads  NO



  APERTURES USED:
  ---------------------------------------------------------
  TYPE       SIZE/NAME                   ROT   MIRROR MODE 
  ---------------------------------------------------------
  CIRCLE     0.00500                                  DARK 
  CIRCLE     0.00550                                  DARK 
  CIRCLE     0.00580                                  DARK 
  CIRCLE     0.00600                                  DARK 
  CIRCLE     0.00800                                  DARK 
  CIRCLE     0.01000                                  DARK 
  CIRCLE     0.01500                                  DARK 
  CIRCLE     0.01900                                  DARK 
  CIRCLE     0.02000                                  DARK 
  CIRCLE     0.02400                                  DARK 
  CIRCLE     0.02500                                  DARK 
  CIRCLE     0.06500                                  DARK 
  CIRCLE     0.09300                                  DARK 
  CIRCLE     0.09400                                  DARK 
  CIRCLE     0.12500                                  DARK 
  CIRCLE     0.16000                                  DARK 
  CIRCLE     0.20000                                  DARK 
  SQUARE     0.06500                     0.000 NO     DARK 
  SQUARE     0.13000                     0.000 NO     DARK 
  RECTANGLE  0.01100     x 0.02700       0.000 NO     DARK 
  RECTANGLE  0.01100     x 0.02700      90.000 NO     DARK 
  RECTANGLE  0.02000     x 0.02000       0.000 NO     DARK 
  RECTANGLE  0.03800     x 0.03000       0.000 NO     DARK 
  RECTANGLE  0.03800     x 0.03000      90.000 NO     DARK 
  RECTANGLE  0.04300     x 0.02000       0.000 NO     DARK 
  RECTANGLE  0.06300     x 0.07900      90.000 NO     DARK 
  RECTANGLE  0.06300     x 0.09800       0.000 NO     DARK 
  RECTANGLE  0.09500     x 0.08000      90.000 NO     DARK 

     6695ra_L1 created.


================================================================
     PROCESSING FILM < 6695ra_TM.art > ...
================================================================

  FILM PARAMETERS :
  ---------------------------------------------------------
  Undefined line width                8.00
  Suppress shape fill on neg film     NO
  Mirror code                         NONE
  Rotate angle                        NONE
  Offset x:                           0.00
  Offset y:                           0.00
  Plot negative                       NO
  Suppress unconnected internal pads  NO



  APERTURES USED:
  ---------------------------------------------------------
  TYPE       SIZE/NAME                   ROT   MIRROR MODE 
  ---------------------------------------------------------
  CIRCLE     0.00500                                  DARK 
  CIRCLE     0.00600                                  DARK 
  CIRCLE     0.00800                                  DARK 
  CIRCLE     0.03000                                  DARK 
  CIRCLE     0.07000                                  DARK 
  CIRCLE     0.09800                                  DARK 
  CIRCLE     0.09900                                  DARK 
  CIRCLE     0.13500                                  DARK 
  CIRCLE     0.18000                                  DARK 
  CIRCLE     0.21000                                  DARK 
  SQUARE     0.07000                     0.000 NO     DARK 
  RECTANGLE  0.01600     x 0.03200       0.000 NO     DARK 
  RECTANGLE  0.01600     x 0.03200      90.000 NO     DARK 
  RECTANGLE  0.02800     x 0.02800       0.000 NO     DARK 
  RECTANGLE  0.04300     x 0.03500       0.000 NO     DARK 
  RECTANGLE  0.04300     x 0.03500      90.000 NO     DARK 
  RECTANGLE  0.04800     x 0.02500       0.000 NO     DARK 
  RECTANGLE  0.06800     x 0.08400      90.000 NO     DARK 
  RECTANGLE  0.06800     x 0.10500       0.000 NO     DARK 
  RECTANGLE  0.10000     x 0.08500      90.000 NO     DARK 

     6695ra_TM created.


================================================================
     PROCESSING FILM < 6695ra_TP.art > ...
================================================================

  FILM PARAMETERS :
  ---------------------------------------------------------
  Undefined line width                8.00
  Suppress shape fill on neg film     NO
  Mirror code                         NONE
  Rotate angle                        NONE
  Offset x:                           0.00
  Offset y:                           0.00
  Plot negative                       NO
  Suppress unconnected internal pads  NO



  APERTURES USED:
  ---------------------------------------------------------
  TYPE       SIZE/NAME                   ROT   MIRROR MODE 
  ---------------------------------------------------------
  CIRCLE     0.00500                                  DARK 
  CIRCLE     0.00600                                  DARK 
  CIRCLE     0.00800                                  DARK 
  RECTANGLE  0.01100     x 0.02700       0.000 NO     DARK 
  RECTANGLE  0.01100     x 0.02700      90.000 NO     DARK 
  RECTANGLE  0.02000     x 0.02000       0.000 NO     DARK 
  RECTANGLE  0.03800     x 0.03000       0.000 NO     DARK 
  RECTANGLE  0.03800     x 0.03000      90.000 NO     DARK 
  RECTANGLE  0.04300     x 0.02000       0.000 NO     DARK 
  RECTANGLE  0.06300     x 0.07900      90.000 NO     DARK 
  RECTANGLE  0.06300     x 0.09800       0.000 NO     DARK 
  RECTANGLE  0.09500     x 0.08000      90.000 NO     DARK 

     6695ra_TP created.


================================================================
     PROCESSING FILM < 6695ra_TS.art > ...
================================================================

  FILM PARAMETERS :
  ---------------------------------------------------------
  Undefined line width                5.00
  Suppress shape fill on neg film     NO
  Mirror code                         NONE
  Rotate angle                        NONE
  Offset x:                           0.00
  Offset y:                           0.00
  Plot negative                       NO
  Suppress unconnected internal pads  NO

    WARNING: text composed 0 width line found at (2015.00 965.00)
    WARNING: ... using undefined line width of 5.00

    WARNING: text having Multiple 0 width lines; all will be treated the same as the first.
    WARNING: ... using undefined line width of 5.00



  APERTURES USED:
  ---------------------------------------------------------
  TYPE       SIZE/NAME                   ROT   MIRROR MODE 
  ---------------------------------------------------------
  CIRCLE     0.00300                                  DARK 
  CIRCLE     0.00500                                  DARK 
  CIRCLE     0.00600                                  DARK 
  CIRCLE     0.00800                                  DARK 
  CIRCLE     0.02000                                  DARK 

     6695ra_TS created with warnings


================================================================
     PROCESSING FILM < 6695ra_TA.art > ...
================================================================

  FILM PARAMETERS :
  ---------------------------------------------------------
  Undefined line width                5.00
  Suppress shape fill on neg film     NO
  Mirror code                         NONE
  Rotate angle                        NONE
  Offset x:                           0.00
  Offset y:                           0.00
  Plot negative                       NO
  Suppress unconnected internal pads  NO



  APERTURES USED:
  ---------------------------------------------------------
  TYPE       SIZE/NAME                   ROT   MIRROR MODE 
  ---------------------------------------------------------
  CIRCLE     0.00300                                  DARK 
  CIRCLE     0.00500                                  DARK 
  CIRCLE     0.00600                                  DARK 
  CIRCLE     0.00800                                  DARK 
  CIRCLE     0.02500                                  DARK 
  CIRCLE     0.06500                                  DARK 
  CIRCLE     0.09300                                  DARK 
  CIRCLE     0.09400                                  DARK 
  CIRCLE     0.12500                                  DARK 
  CIRCLE     0.16000                                  DARK 
  CIRCLE     0.20000                                  DARK 
  SQUARE     0.06500                     0.000 NO     DARK 
  SQUARE     0.13000                     0.000 NO     DARK 
  RECTANGLE  0.01100     x 0.02700       0.000 NO     DARK 
  RECTANGLE  0.01100     x 0.02700      90.000 NO     DARK 
  RECTANGLE  0.02000     x 0.02000       0.000 NO     DARK 
  RECTANGLE  0.03800     x 0.03000       0.000 NO     DARK 
  RECTANGLE  0.03800     x 0.03000      90.000 NO     DARK 
  RECTANGLE  0.04300     x 0.02000       0.000 NO     DARK 
  RECTANGLE  0.06300     x 0.07900      90.000 NO     DARK 
  RECTANGLE  0.06300     x 0.09800       0.000 NO     DARK 
  RECTANGLE  0.09500     x 0.08000      90.000 NO     DARK 

     6695ra_TA created.


================================================================
     PROCESSING FILM < 6695ra_L2.art > ...
================================================================

  FILM PARAMETERS :
  ---------------------------------------------------------
  Undefined line width                8.00
  Suppress shape fill on neg film     NO
  Mirror code                         NONE
  Rotate angle                        NONE
  Offset x:                           0.00
  Offset y:                           0.00
  Plot negative                       NO
  Suppress unconnected internal pads  NO



  APERTURES USED:
  ---------------------------------------------------------
  TYPE       SIZE/NAME                   ROT   MIRROR MODE 
  ---------------------------------------------------------
  CIRCLE     0.00500                                  DARK 
  CIRCLE     0.00600                                  DARK 
  CIRCLE     0.00800                                  DARK 
  CIRCLE     0.01300                                  DARK 
  CIRCLE     0.01900                                  DARK 
  CIRCLE     0.02400                                  DARK 
  CIRCLE     0.02500                                  DARK 
  CIRCLE     0.06500                                  DARK 
  CIRCLE     0.09300                                  DARK 
  CIRCLE     0.09400                                  DARK 
  CIRCLE     0.12500                                  DARK 
  CIRCLE     0.16000                                  DARK 
  CIRCLE     0.20000                                  DARK 
  SQUARE     0.06500                     0.000 NO     DARK 

     6695ra_L2 created.


================================================================
     PROCESSING FILM < 6695ra_L3.art > ...
================================================================

  FILM PARAMETERS :
  ---------------------------------------------------------
  Undefined line width                8.00
  Suppress shape fill on neg film     NO
  Mirror code                         NONE
  Rotate angle                        NONE
  Offset x:                           0.00
  Offset y:                           0.00
  Plot negative                       NO
  Suppress unconnected internal pads  NO



  APERTURES USED:
  ---------------------------------------------------------
  TYPE       SIZE/NAME                   ROT   MIRROR MODE 
  ---------------------------------------------------------
  CIRCLE     0.00500                                  DARK 
  CIRCLE     0.00600                                  DARK 
  CIRCLE     0.00800                                  DARK 
  CIRCLE     0.01000                                  DARK 
  CIRCLE     0.01900                                  DARK 
  CIRCLE     0.02400                                  DARK 
  CIRCLE     0.02500                                  DARK 
  CIRCLE     0.06500                                  DARK 
  CIRCLE     0.09300                                  DARK 
  CIRCLE     0.09400                                  DARK 
  CIRCLE     0.12500                                  DARK 
  CIRCLE     0.16000                                  DARK 
  CIRCLE     0.20000                                  DARK 
  SQUARE     0.06500                     0.000 NO     DARK 

     6695ra_L3 created.


------------------------------------------------------
 SUMMARY:
            6695ra_L4 created.
            6695ra_BA created.
            6695ra_BM created.
            6695ra_BP created.
            6695ra_BS created.
            6695ra_DRL created.
            6695ra_L1 created.
            6695ra_TM created.
            6695ra_TP created.
            6695ra_TS created with warnings
            6695ra_TA created.
            6695ra_L2 created.
            6695ra_L3 created.

 ARTWORK finished
