Replace Part C12 100nF16V_0402 in C:\Users\kulik_s\Documents\ExodusAmps\TDE-Altium\MMC_2_4\MMC_2_4_Ethernet.SchDoc with 100nF16V_0402 from Capacitors.IntLib
Replace Part C16 22nF50V_0603 in C:\Users\kulik_s\Documents\ExodusAmps\TDE-Altium\MMC_2_4\MMC_2_4_Ethernet.SchDoc with 22nF50V_0603 from Capacitors.IntLib
Replace Part C17 10pF50V_0603 in C:\Users\kulik_s\Documents\ExodusAmps\TDE-Altium\MMC_2_4\MMC_2_4_Ethernet.SchDoc with 10pF50V_0603 from Capacitors.IntLib
Replace Part C18 10pF50V_0603 in C:\Users\kulik_s\Documents\ExodusAmps\TDE-Altium\MMC_2_4\MMC_2_4_Ethernet.SchDoc with 10pF50V_0603 from Capacitors.IntLib
Replace Part C19 10pF50V_0603 in C:\Users\kulik_s\Documents\ExodusAmps\TDE-Altium\MMC_2_4\MMC_2_4_Ethernet.SchDoc with 10pF50V_0603 from Capacitors.IntLib
Replace Part C20 10pF50V_0603 in C:\Users\kulik_s\Documents\ExodusAmps\TDE-Altium\MMC_2_4\MMC_2_4_Ethernet.SchDoc with 10pF50V_0603 from Capacitors.IntLib
Replace Part C21 100nF25V_0402 in C:\Users\kulik_s\Documents\ExodusAmps\TDE-Altium\MMC_2_4\MMC_2_4_Ethernet.SchDoc with 100nF25V_0402 from Capacitors.IntLib
Replace Part C22 100nF25V_0402 in C:\Users\kulik_s\Documents\ExodusAmps\TDE-Altium\MMC_2_4\MMC_2_4_Ethernet.SchDoc with 100nF25V_0402 from Capacitors.IntLib
Replace Part C23 4u7F25V_0805 in C:\Users\kulik_s\Documents\ExodusAmps\TDE-Altium\MMC_2_4\MMC_2_4_Ethernet.SchDoc with 4u7F25V_0805 from Capacitors.IntLib
Replace Part C24 4u7F25V_0805 in C:\Users\kulik_s\Documents\ExodusAmps\TDE-Altium\MMC_2_4\MMC_2_4_Ethernet.SchDoc with 4u7F25V_0805 from Capacitors.IntLib
Replace Part C25 470pF50V_0402 in C:\Users\kulik_s\Documents\ExodusAmps\TDE-Altium\MMC_2_4\MMC_2_4_Ethernet.SchDoc with 470pF50V_0402 from Capacitors.IntLib
Replace Part C26 1uF50V_0603 in C:\Users\kulik_s\Documents\ExodusAmps\TDE-Altium\MMC_2_4\MMC_2_4_Ethernet.SchDoc with 1uF50V_0603 from Capacitors.IntLib
Replace Part C29 100nF25V_0402 in C:\Users\kulik_s\Documents\ExodusAmps\TDE-Altium\MMC_2_4\MMC_2_4_Ethernet.SchDoc with 100nF25V_0402 from Capacitors.IntLib
Replace Part C30 10uF_20V_V293D-B in C:\Users\kulik_s\Documents\ExodusAmps\TDE-Altium\MMC_2_4\MMC_2_4_Ethernet.SchDoc with 10uF_20V_V293D-B from Capacitors.IntLib
Replace Part C31 100n50V_0402 in C:\Users\kulik_s\Documents\ExodusAmps\TDE-Altium\MMC_2_4\MMC_2_4_Ethernet.SchDoc with 100n50V_0402 from Capacitors.IntLib
Replace Part C32 100n50V_0402 in C:\Users\kulik_s\Documents\ExodusAmps\TDE-Altium\MMC_2_4\MMC_2_4_Ethernet.SchDoc with 100n50V_0402 from Capacitors.IntLib
Replace Part C33 100n50V_0402 in C:\Users\kulik_s\Documents\ExodusAmps\TDE-Altium\MMC_2_4\MMC_2_4_Ethernet.SchDoc with 100n50V_0402 from Capacitors.IntLib
Replace Part C34 100n50V_0402 in C:\Users\kulik_s\Documents\ExodusAmps\TDE-Altium\MMC_2_4\MMC_2_4_Ethernet.SchDoc with 100n50V_0402 from Capacitors.IntLib
Replace Part C37 100nF25V_0402 in C:\Users\kulik_s\Documents\ExodusAmps\TDE-Altium\MMC_2_4\MMC_2_4_Ethernet.SchDoc with 100nF25V_0402 from Capacitors.IntLib
Replace Part C38 16pF50V_0402 in C:\Users\kulik_s\Documents\ExodusAmps\TDE-Altium\MMC_2_4\MMC_2_4_Ethernet.SchDoc with 16pF50V_0402 from Capacitors.IntLib
Replace Part D4 PESD12VS2UT in C:\Users\kulik_s\Documents\ExodusAmps\TDE-Altium\MMC_2_4\MMC_2_4_Ethernet.SchDoc with PESD12VS2UT from Discrete.IntLib
Replace Part D5 PESD12VS2UT in C:\Users\kulik_s\Documents\ExodusAmps\TDE-Altium\MMC_2_4\MMC_2_4_Ethernet.SchDoc with PESD12VS2UT from Discrete.IntLib
Replace Part J1 Ethernet, POE, WE7499210124A in C:\Users\kulik_s\Documents\ExodusAmps\TDE-Altium\MMC_2_4\MMC_2_4_Ethernet.SchDoc with Ethernet, POE, WE7499210124A from Connectors.IntLib
Replace Part J1 Ethernet, POE, WE7499210124A in C:\Users\kulik_s\Documents\ExodusAmps\TDE-Altium\MMC_2_4\MMC_2_4_Ethernet.SchDoc with Ethernet, POE, WE7499210124A from Connectors.IntLib
Replace Part J1 Ethernet, POE, WE7499210124A in C:\Users\kulik_s\Documents\ExodusAmps\TDE-Altium\MMC_2_4\MMC_2_4_Ethernet.SchDoc with Ethernet, POE, WE7499210124A from Connectors.IntLib
Replace Part L1 120R4A_0603 in C:\Users\kulik_s\Documents\ExodusAmps\TDE-Altium\MMC_2_4\MMC_2_4_Ethernet.SchDoc with 120R4A_0603 from Passives.IntLib
Replace Part R2 33R_0402 in C:\Users\kulik_s\Documents\ExodusAmps\TDE-Altium\MMC_2_4\MMC_2_4_Ethernet.SchDoc with 33R_0402 from Resistors.IntLib
Replace Part R3 270R_1210 in C:\Users\kulik_s\Documents\ExodusAmps\TDE-Altium\MMC_2_4\MMC_2_4_Ethernet.SchDoc with 270R_1210 from Resistors.IntLib
Replace Part R4 270R_1210 in C:\Users\kulik_s\Documents\ExodusAmps\TDE-Altium\MMC_2_4\MMC_2_4_Ethernet.SchDoc with 270R_1210 from Resistors.IntLib
Replace Part R5 270R_1210 in C:\Users\kulik_s\Documents\ExodusAmps\TDE-Altium\MMC_2_4\MMC_2_4_Ethernet.SchDoc with 270R_1210 from Resistors.IntLib
Replace Part R6 270R_1210 in C:\Users\kulik_s\Documents\ExodusAmps\TDE-Altium\MMC_2_4\MMC_2_4_Ethernet.SchDoc with 270R_1210 from Resistors.IntLib
Replace Part R7 49R9_0402 in C:\Users\kulik_s\Documents\ExodusAmps\TDE-Altium\MMC_2_4\MMC_2_4_Ethernet.SchDoc with 49R9_0402 from Resistors.IntLib
Replace Part R8 49R9_0402 in C:\Users\kulik_s\Documents\ExodusAmps\TDE-Altium\MMC_2_4\MMC_2_4_Ethernet.SchDoc with 49R9_0402 from Resistors.IntLib
Replace Part R9 49R9_0402 in C:\Users\kulik_s\Documents\ExodusAmps\TDE-Altium\MMC_2_4\MMC_2_4_Ethernet.SchDoc with 49R9_0402 from Resistors.IntLib
Replace Part R10 49R9_0402 in C:\Users\kulik_s\Documents\ExodusAmps\TDE-Altium\MMC_2_4\MMC_2_4_Ethernet.SchDoc with 49R9_0402 from Resistors.IntLib
Replace Part R11 10k_0402 in C:\Users\kulik_s\Documents\ExodusAmps\TDE-Altium\MMC_2_4\MMC_2_4_Ethernet.SchDoc with 10k_0402 from Resistors.IntLib
Replace Part R12 10k_0402 in C:\Users\kulik_s\Documents\ExodusAmps\TDE-Altium\MMC_2_4\MMC_2_4_Ethernet.SchDoc with 10k_0402 from Resistors.IntLib
Replace Part R13 1k5_0402 in C:\Users\kulik_s\Documents\ExodusAmps\TDE-Altium\MMC_2_4\MMC_2_4_Ethernet.SchDoc with 1k5_0402 from Resistors.IntLib
Replace Part R14 12k1_0603 in C:\Users\kulik_s\Documents\ExodusAmps\TDE-Altium\MMC_2_4\MMC_2_4_Ethernet.SchDoc with 12k1_0603 from Resistors.IntLib
Replace Part R15 10R_0402 in C:\Users\kulik_s\Documents\ExodusAmps\TDE-Altium\MMC_2_4\MMC_2_4_Ethernet.SchDoc with 10R_0402 from Resistors.IntLib
Replace Part R16 10R_0402 in C:\Users\kulik_s\Documents\ExodusAmps\TDE-Altium\MMC_2_4\MMC_2_4_Ethernet.SchDoc with 10R_0402 from Resistors.IntLib
Replace Part R17 10R_0402 in C:\Users\kulik_s\Documents\ExodusAmps\TDE-Altium\MMC_2_4\MMC_2_4_Ethernet.SchDoc with 10R_0402 from Resistors.IntLib
Replace Part R18 10R_0402 in C:\Users\kulik_s\Documents\ExodusAmps\TDE-Altium\MMC_2_4\MMC_2_4_Ethernet.SchDoc with 10R_0402 from Resistors.IntLib
Replace Part R19 10R_0402 in C:\Users\kulik_s\Documents\ExodusAmps\TDE-Altium\MMC_2_4\MMC_2_4_Ethernet.SchDoc with 10R_0402 from Resistors.IntLib
Replace Part R20 10R_0402 in C:\Users\kulik_s\Documents\ExodusAmps\TDE-Altium\MMC_2_4\MMC_2_4_Ethernet.SchDoc with 10R_0402 from Resistors.IntLib
Replace Part R21 10R_0402 in C:\Users\kulik_s\Documents\ExodusAmps\TDE-Altium\MMC_2_4\MMC_2_4_Ethernet.SchDoc with 10R_0402 from Resistors.IntLib
Replace Part R22 10R_0402 in C:\Users\kulik_s\Documents\ExodusAmps\TDE-Altium\MMC_2_4\MMC_2_4_Ethernet.SchDoc with 10R_0402 from Resistors.IntLib
Replace Part U6 ULN2803ADW in C:\Users\kulik_s\Documents\ExodusAmps\TDE-Altium\MMC_2_4\MMC_2_4_Ethernet.SchDoc with ULN2803ADW from ICs.IntLib
Replace Part U7 LAN8741-EN in C:\Users\kulik_s\Documents\ExodusAmps\TDE-Altium\MMC_2_4\MMC_2_4_Ethernet.SchDoc with LAN8741-EN from ICs.IntLib
Replace Part U8 SG - 211 S*E -50.000M in C:\Users\kulik_s\Documents\ExodusAmps\TDE-Altium\MMC_2_4\MMC_2_4_Ethernet.SchDoc with SG - 211 S*E -50.000M from ICs.IntLib
Replace Part U11 MAX3232CSE in C:\Users\kulik_s\Documents\ExodusAmps\TDE-Altium\MMC_2_4\MMC_2_4_Ethernet.SchDoc with MAX3232CSE from ICs.IntLib
Replace Part X1 SUB-D_9 in C:\Users\kulik_s\Documents\ExodusAmps\TDE-Altium\MMC_2_4\MMC_2_4_Ethernet.SchDoc with SUB-D_9 from Connectors.IntLib
Replace Part X1 SUB-D_9 in C:\Users\kulik_s\Documents\ExodusAmps\TDE-Altium\MMC_2_4\MMC_2_4_Ethernet.SchDoc with SUB-D_9 from Connectors.IntLib
Replace Part X1 SUB-D_9 in C:\Users\kulik_s\Documents\ExodusAmps\TDE-Altium\MMC_2_4\MMC_2_4_Ethernet.SchDoc with SUB-D_9 from Connectors.IntLib
Replace Part X1 SUB-D_9 in C:\Users\kulik_s\Documents\ExodusAmps\TDE-Altium\MMC_2_4\MMC_2_4_Ethernet.SchDoc with SUB-D_9 from Connectors.IntLib
Replace Part X1 SUB-D_9 in C:\Users\kulik_s\Documents\ExodusAmps\TDE-Altium\MMC_2_4\MMC_2_4_Ethernet.SchDoc with SUB-D_9 from Connectors.IntLib
Replace Part X1 SUB-D_9 in C:\Users\kulik_s\Documents\ExodusAmps\TDE-Altium\MMC_2_4\MMC_2_4_Ethernet.SchDoc with SUB-D_9 from Connectors.IntLib
Replace Part X1 SUB-D_9 in C:\Users\kulik_s\Documents\ExodusAmps\TDE-Altium\MMC_2_4\MMC_2_4_Ethernet.SchDoc with SUB-D_9 from Connectors.IntLib
Replace Part X1 SUB-D_9 in C:\Users\kulik_s\Documents\ExodusAmps\TDE-Altium\MMC_2_4\MMC_2_4_Ethernet.SchDoc with SUB-D_9 from Connectors.IntLib
Replace Part X1 SUB-D_9 in C:\Users\kulik_s\Documents\ExodusAmps\TDE-Altium\MMC_2_4\MMC_2_4_Ethernet.SchDoc with SUB-D_9 from Connectors.IntLib
Replace Part X1 SUB-D_9 in C:\Users\kulik_s\Documents\ExodusAmps\TDE-Altium\MMC_2_4\MMC_2_4_Ethernet.SchDoc with SUB-D_9 from Connectors.IntLib
Replace Part X3 SUB-D_9 in C:\Users\kulik_s\Documents\ExodusAmps\TDE-Altium\MMC_2_4\MMC_2_4_Ethernet.SchDoc with SUB-D_9 from Connectors.IntLib
Replace Part X3 SUB-D_9 in C:\Users\kulik_s\Documents\ExodusAmps\TDE-Altium\MMC_2_4\MMC_2_4_Ethernet.SchDoc with SUB-D_9 from Connectors.IntLib
Replace Part X3 SUB-D_9 in C:\Users\kulik_s\Documents\ExodusAmps\TDE-Altium\MMC_2_4\MMC_2_4_Ethernet.SchDoc with SUB-D_9 from Connectors.IntLib
Replace Part X3 SUB-D_9 in C:\Users\kulik_s\Documents\ExodusAmps\TDE-Altium\MMC_2_4\MMC_2_4_Ethernet.SchDoc with SUB-D_9 from Connectors.IntLib
Replace Part X3 SUB-D_9 in C:\Users\kulik_s\Documents\ExodusAmps\TDE-Altium\MMC_2_4\MMC_2_4_Ethernet.SchDoc with SUB-D_9 from Connectors.IntLib
Replace Part X3 SUB-D_9 in C:\Users\kulik_s\Documents\ExodusAmps\TDE-Altium\MMC_2_4\MMC_2_4_Ethernet.SchDoc with SUB-D_9 from Connectors.IntLib
Replace Part X3 SUB-D_9 in C:\Users\kulik_s\Documents\ExodusAmps\TDE-Altium\MMC_2_4\MMC_2_4_Ethernet.SchDoc with SUB-D_9 from Connectors.IntLib
Replace Part X3 SUB-D_9 in C:\Users\kulik_s\Documents\ExodusAmps\TDE-Altium\MMC_2_4\MMC_2_4_Ethernet.SchDoc with SUB-D_9 from Connectors.IntLib
Replace Part X3 SUB-D_9 in C:\Users\kulik_s\Documents\ExodusAmps\TDE-Altium\MMC_2_4\MMC_2_4_Ethernet.SchDoc with SUB-D_9 from Connectors.IntLib
Replace Part X3 SUB-D_9 in C:\Users\kulik_s\Documents\ExodusAmps\TDE-Altium\MMC_2_4\MMC_2_4_Ethernet.SchDoc with SUB-D_9 from Connectors.IntLib
Replace Part X4 Header-2-WR-TBL3127 in C:\Users\kulik_s\Documents\ExodusAmps\TDE-Altium\MMC_2_4\MMC_2_4_Ethernet.SchDoc with Header-2-WR-TBL3127 from Connectors.IntLib
Replace Part X5 Header-2-WR-TBL3127 in C:\Users\kulik_s\Documents\ExodusAmps\TDE-Altium\MMC_2_4\MMC_2_4_Ethernet.SchDoc with Header-2-WR-TBL3127 from Connectors.IntLib
Replace Part X6 Header-2-WR-TBL3127 in C:\Users\kulik_s\Documents\ExodusAmps\TDE-Altium\MMC_2_4\MMC_2_4_Ethernet.SchDoc with Header-2-WR-TBL3127 from Connectors.IntLib
Replace Part X7 Header-2-WR-TBL3127 in C:\Users\kulik_s\Documents\ExodusAmps\TDE-Altium\MMC_2_4\MMC_2_4_Ethernet.SchDoc with Header-2-WR-TBL3127 from Connectors.IntLib
