Replace Part C1 10uF10V_0603 in C:\Users\kulik_s\Documents\ExodusAmps\TDE-Altium\MMC_2_4\MMC_2_4_MCU.SchDoc with 10uF10V_0603 from Capacitors.IntLib
Replace Part C2 100nF16V_0402 in C:\Users\kulik_s\Documents\ExodusAmps\TDE-Altium\MMC_2_4\MMC_2_4_MCU.SchDoc with 100nF16V_0402 from Capacitors.IntLib
Replace Part C3 100nF16V_0402 in C:\Users\kulik_s\Documents\ExodusAmps\TDE-Altium\MMC_2_4\MMC_2_4_MCU.SchDoc with 100nF16V_0402 from Capacitors.IntLib
Replace Part C4 100nF16V_0402 in C:\Users\kulik_s\Documents\ExodusAmps\TDE-Altium\MMC_2_4\MMC_2_4_MCU.SchDoc with 100nF16V_0402 from Capacitors.IntLib
Replace Part C5 100nF16V_0402 in C:\Users\kulik_s\Documents\ExodusAmps\TDE-Altium\MMC_2_4\MMC_2_4_MCU.SchDoc with 100nF16V_0402 from Capacitors.IntLib
Replace Part C6 100nF16V_0402 in C:\Users\kulik_s\Documents\ExodusAmps\TDE-Altium\MMC_2_4\MMC_2_4_MCU.SchDoc with 100nF16V_0402 from Capacitors.IntLib
Replace Part C7 22pF50V_0402-AVX in C:\Users\kulik_s\Documents\ExodusAmps\TDE-Altium\MMC_2_4\MMC_2_4_MCU.SchDoc with 22pF50V_0402-AVX from Capacitors.IntLib
Replace Part C8 22pF50V_0402-AVX in C:\Users\kulik_s\Documents\ExodusAmps\TDE-Altium\MMC_2_4\MMC_2_4_MCU.SchDoc with 22pF50V_0402-AVX from Capacitors.IntLib
Replace Part C9 100nF16V_0402 in C:\Users\kulik_s\Documents\ExodusAmps\TDE-Altium\MMC_2_4\MMC_2_4_MCU.SchDoc with 100nF16V_0402 from Capacitors.IntLib
Replace Part C10 100nF16V_0402 in C:\Users\kulik_s\Documents\ExodusAmps\TDE-Altium\MMC_2_4\MMC_2_4_MCU.SchDoc with 100nF16V_0402 from Capacitors.IntLib
Replace Part C11 100nF16V_0402 in C:\Users\kulik_s\Documents\ExodusAmps\TDE-Altium\MMC_2_4\MMC_2_4_MCU.SchDoc with 100nF16V_0402 from Capacitors.IntLib
Replace Part JP1 Plug_12_2.54 in C:\Users\kulik_s\Documents\ExodusAmps\TDE-Altium\MMC_2_4\MMC_2_4_MCU.SchDoc with Plug_12_2.54 from Connectors.IntLib
Replace Part JP2 Header-3 in C:\Users\kulik_s\Documents\ExodusAmps\TDE-Altium\MMC_2_4\MMC_2_4_MCU.SchDoc with Header-3 from Connectors.IntLib
Replace Part JP3 ICDI in C:\Users\kulik_s\Documents\ExodusAmps\TDE-Altium\MMC_2_4\MMC_2_4_MCU.SchDoc with ICDI from Connectors.IntLib
Replace Part M1 Mark in C:\Users\kulik_s\Documents\ExodusAmps\TDE-Altium\MMC_2_4\MMC_2_4_MCU.SchDoc with Mark from Symbols.IntLib
Replace Part M2 Mark in C:\Users\kulik_s\Documents\ExodusAmps\TDE-Altium\MMC_2_4\MMC_2_4_MCU.SchDoc with Mark from Symbols.IntLib
Replace Part M3 Mark in C:\Users\kulik_s\Documents\ExodusAmps\TDE-Altium\MMC_2_4\MMC_2_4_MCU.SchDoc with Mark from Symbols.IntLib
Replace Part Q1 Crystal_8MHz in C:\Users\kulik_s\Documents\ExodusAmps\TDE-Altium\MMC_2_4\MMC_2_4_MCU.SchDoc with Crystal_8MHz from Passives.IntLib
Replace Part R1 10k_0402 in C:\Users\kulik_s\Documents\ExodusAmps\TDE-Altium\MMC_2_4\MMC_2_4_MCU.SchDoc with 10k_0402 from Resistors.IntLib
Replace Part U1 PIC32MX695F512H-80I/PT in C:\Users\kulik_s\Documents\ExodusAmps\TDE-Altium\MMC_2_4\MMC_2_4_MCU.SchDoc with PIC32MX695F512H-80I/PT from ICs.IntLib
Replace Part U2 25LC1024-I_SM in C:\Users\kulik_s\Documents\ExodusAmps\TDE-Altium\MMC_2_4\MMC_2_4_MCU.SchDoc with 25LC1024-I_SM from ICs.IntLib
Replace Part U3 25LC1024-I_SM in C:\Users\kulik_s\Documents\ExodusAmps\TDE-Altium\MMC_2_4\MMC_2_4_MCU.SchDoc with 25LC1024-I_SM from ICs.IntLib
Replace Part U4 23LC1024-I_ST in C:\Users\kulik_s\Documents\ExodusAmps\TDE-Altium\MMC_2_4\MMC_2_4_MCU.SchDoc with 23LC1024-I_ST from ICs.IntLib
Replace Part U5 11AA02E48T-I_TT in C:\Users\kulik_s\Documents\ExodusAmps\TDE-Altium\MMC_2_4\MMC_2_4_MCU.SchDoc with 11AA02E48T-I_TT from ICs.IntLib
