Removed Pin From Net: NetName=NetR19_1 Pin=R19-1
Removed Pin From Net: NetName=NetD4_2 Pin=R19-2
Removed Pin From Net: NetName=NetR20_1 Pin=R20-1
Removed Pin From Net: NetName=NetD4_3 Pin=R20-2
Removed Pin From Net: NetName=NetD4_2 Pin=U11-7
Removed Pin From Net: NetName=NetD4_3 Pin=U11-8
Removed Pin From Net: NetName=NetU11_13 Pin=U11-13
Removed Pin From Net: NetName=NetU11_14 Pin=U11-14
Removed Pin From Net: NetName=NetU11_13 Pin=X1-2
Removed Pin From Net: NetName=NetU11_14 Pin=X1-3
Removed Pin From Net: NetName=NetR20_1 Pin=X3-2
Removed Pin From Net: NetName=NetR19_1 Pin=X3-3
Added Component: Designator=D5(SOT23_N)
Added Pin To Net: NetName=GND Pin=D5-1
Added Pin To Net: NetName=NetR19_1 Pin=D5-2
Added Pin To Net: NetName=NetR20_1 Pin=D5-3
Added Pin To Net: NetName=NetD4_2 Pin=R19-1
Added Pin To Net: NetName=NetU11_13 Pin=R19-2
Added Pin To Net: NetName=NetD4_3 Pin=R20-1
Added Pin To Net: NetName=NetU11_14 Pin=R20-2
Added Pin To Net: NetName=NetR19_1 Pin=R21-2
Added Pin To Net: NetName=NetR20_1 Pin=R22-2
Added Pin To Net: NetName=NetU11_13 Pin=U11-7
Added Pin To Net: NetName=NetU11_14 Pin=U11-8
Added Pin To Net: NetName=NetR20_1 Pin=X1-2
Added Pin To Net: NetName=NetR19_1 Pin=X1-3
Added Pin To Net: NetName=NetD4_3 Pin=X3-2
Added Pin To Net: NetName=NetD4_2 Pin=X3-3
Change Net Name : Old Net Name=NetR19_1 New Net Name=NetD5_2
Change Net Name : Old Net Name=NetR20_1 New Net Name=NetD5_3
Change Net Name : Old Net Name=NetU11_13 New Net Name=NetR19_2
Change Net Name : Old Net Name=NetU11_14 New Net Name=NetR20_2
Added Pin To Net: NetName=NetR21_1 Pin=R21-1
Added Pin To Net: NetName=NetR21_1 Pin=U11-14
Added Net: Name=NetR21_1
Added Pin To Net: NetName=NetR22_1 Pin=R22-1
Added Pin To Net: NetName=NetR22_1 Pin=U11-13
Added Net: Name=NetR22_1
Added Member To Class: ClassName=MMC_2_4_Ethernet Member=Component D5 PESD12VS2UT
