Removed Pin From Net: NetName=NetC?_1 Pin=C?-1
Removed Pin From Net: NetName=NetU11_8 Pin=X3-2
Removed Pin From Net: NetName=NetU11_7 Pin=X3-3
Removed Member From Class: ClassName=MMC_2_4_Ethernet Member=C?
Added Component: Designator=C38(C0402)
Added Component: Designator=D4(SOT23_N)
Added Component: Designator=R19(R0402)
Added Component: Designator=R20(R0402)
Added Component: Designator=R21(R0402)
Added Component: Designator=R22(R0402)
Added Pin To Net: NetName=NetC?_1 Pin=C38-1
Added Pin To Net: NetName=GND Pin=D4-1
Added Pin To Net: NetName=NetU11_7 Pin=D4-2
Added Pin To Net: NetName=NetU11_8 Pin=D4-3
Added Pin To Net: NetName=NetU11_7 Pin=R19-2
Added Pin To Net: NetName=NetU11_8 Pin=R20-2
Change Net Name : Old Net Name=NetC?_1 New Net Name=NetC38_1
Change Net Name : Old Net Name=NetU11_7 New Net Name=NetD4_2
Change Net Name : Old Net Name=NetU11_8 New Net Name=NetD4_3
Added Pin To Net: NetName=NetR19_1 Pin=R19-1
Added Pin To Net: NetName=NetR19_1 Pin=X3-3
Added Net: Name=NetR19_1
Added Pin To Net: NetName=NetR20_1 Pin=R20-1
Added Pin To Net: NetName=NetR20_1 Pin=X3-2
Added Net: Name=NetR20_1
Added Member To Class: ClassName=MMC_2_4_Ethernet Member=Component C38 16pF50V_0402
Added Member To Class: ClassName=MMC_2_4_Ethernet Member=Component D4 PESD12VS2UT
Added Member To Class: ClassName=MMC_2_4_Ethernet Member=Component R19 10R_0402
Added Member To Class: ClassName=MMC_2_4_Ethernet Member=Component R20 10R_0402
Added Member To Class: ClassName=MMC_2_4_Ethernet Member=Component R21 10R_0402
Added Member To Class: ClassName=MMC_2_4_Ethernet Member=Component R22 10R_0402
