Importer Log Report
Project : Yitran_IT900_Hutschiene_PIM7A_908_1_4_und_Adapter.PrjPcb

Section : Analyze Document - C:\Users\kulik_s\Documents\ExodusAmps\TDE-Altium\PowerLineModem-Redesign\Power_Line_Modem_Basisstation_Hutschiene\Yitran_IT900_Hutschiene_PIM7A_908_1_4_und_Adapter.brd
    Analyzing data of C:\Users\kulik_s\Documents\ExodusAmps\TDE-Altium\PowerLineModem-Redesign\Power_Line_Modem_Basisstation_Hutschiene\Yitran_IT900_Hutschiene_PIM7A_908_1_4_und_Adapter.brd
    Load settings
    Load layers 62
    Load Library "resistor"
    Load Packages 6
    Load Library "ADS"
    Load Packages 4
    Load Library "fuse"
    Load Packages 1
    Load Library "diode"
    Load Packages 1
    Load Library "maxim"
    Load Packages 1
    Load Library "display-hp"
    Load Packages 1
    Load Library "jumper"
    Load Packages 1
    Load Library "Erni_LDG_A_12_Leiterplatte"
    Load Packages 1
    Load Library "ADS1"
    Load Packages 2
EndSection

Section : Analyze Document - C:\Users\kulik_s\Documents\ExodusAmps\TDE-Altium\PowerLineModem-Redesign\Power_Line_Modem_Basisstation_Hutschiene\Yitran_IT900_Hutschiene_PIM7A_908_1_4_und_Adapter.sch
    Analyzing data of C:\Users\kulik_s\Documents\ExodusAmps\TDE-Altium\PowerLineModem-Redesign\Power_Line_Modem_Basisstation_Hutschiene\Yitran_IT900_Hutschiene_PIM7A_908_1_4_und_Adapter.sch
    Load settings
    Load layers 62
    Load schematic
    Load Libraries 11
    Load Library "ADS"
    Load Packages 4
    Load Symbols 4
    Load DeviceSets 4
    Load Library "resistor"
    Load Packages 281
    Load Symbols 3
    Load DeviceSets 3
    Load Library "maxim"
    Load Packages 4
    Load Symbols 2
    Load DeviceSets 1
    Load Library "frames"
    Load Packages 0
    Load Symbols 2
    Load DeviceSets 1
    Load Library "fuse"
    Load Packages 1
    Load Symbols 1
    Load DeviceSets 1
    Load Library "diode"
    Load Packages 1
    Load Symbols 1
    Load DeviceSets 1
    Load Library "display-hp"
    Load Packages 1
    Load Symbols 1
    Load DeviceSets 1
    Load Library "jumper"
    Load Packages 2
    Load Symbols 1
    Load DeviceSets 1
    Load Library "supply1"
    Load Packages 0
    Load Symbols 2
    Load DeviceSets 2
    Load Library "Erni_LDG_A_12_Leiterplatte"
    Load Packages 1
    Load Symbols 1
    Load DeviceSets 1
    Load Library "ADS1"
    Load Packages 2
    Load Symbols 2
    Load DeviceSets 2
    Load Attributes 0
    Load Classes 1
    Load Parts 46
    Load Sheets 3
EndSection
