Removed Pin From Net: NetName=NetP1_1 Pin=P1-1
Removed Pin From Net: NetName=NetP1_4 Pin=P1-4
Removed Pin From Net: NetName=NetP1_5 Pin=P1-5
Removed Pin From Net: NetName=NetP1_1 Pin=P1-8
Removed Pin From Net: NetName=NetP1_1 Pin=P2-1
Removed Pin From Net: NetName=NetP2_2 Pin=P2-2
Removed Pin From Net: NetName=NetP2_6 Pin=P2-6
Removed Pin From Net: NetName=NetP1_1 Pin=U1-1
Removed Pin From Net: NetName=NetP1_1 Pin=U1-8
Removed Pin From Net: NetName=NetP2_6 Pin=U1-11
Removed Pin From Net: NetName=NetP2_4 Pin=U1-13
Change Component DesignItemId : Designator=P1 Old DesignItemId=Plug_08_2.54 New DesignItemId=Plug_4_90_2.54
Change Component DesignItemId : Designator=P2 Old DesignItemId=Plug_08_2.54 New DesignItemId=Plug_4_90_2.54
Change Component Footprint: Designator=P1 Old Footprint=HDR1X8_2.54 New Footprint=HDR1X4
Change Component Footprint: Designator=P2 Old Footprint=HDR1X8_2.54 New Footprint=HDR1X4
Change Component Comment : Designator=P1 Old Comment=Plug_08_2.54 New Comment=Plug_4_90_2.54
Change Component Comment : Designator=P2 Old Comment=Plug_08_2.54 New Comment=Plug_4_90_2.54
Added Component: Designator=C1(Dummy-10mm)
Added Component: Designator=C2(Dummy-10mm)
Added Component: Designator=C3(Dummy-10mm)
Added Pin To Net: NetName=NetP1_1 Pin=C1-1
Added Pin To Net: NetName=NetP2_2 Pin=C1-2
Added Pin To Net: NetName=NetP1_1 Pin=C2-1
Added Pin To Net: NetName=NetP2_2 Pin=C2-2
Added Pin To Net: NetName=NetP1_1 Pin=C3-1
Added Pin To Net: NetName=NetP2_2 Pin=C3-2
Added Pin To Net: NetName=NetP2_2 Pin=P1-1
Added Pin To Net: NetName=NetP1_4 Pin=P1-2
Added Pin To Net: NetName=NetP1_5 Pin=P1-3
Added Pin To Net: NetName=NetP1_1 Pin=P1-4
Added Pin To Net: NetName=NetP2_2 Pin=P2-1
Added Pin To Net: NetName=NetP2_6 Pin=P2-2
Added Pin To Net: NetName=NetP2_2 Pin=U1-1
Added Pin To Net: NetName=NetP2_4 Pin=U1-9
Added Pin To Net: NetName=NetP2_2 Pin=U1-11
Added Pin To Net: NetName=NetP2_6 Pin=U1-13
Added Pin To Net: NetName=NetP2_2 Pin=U1-17
Change Net Name : Old Net Name=NetP1_1 New Net Name=NetC1_1
Change Net Name : Old Net Name=NetP1_4 New Net Name=NetP1_2
Change Net Name : Old Net Name=NetP1_5 New Net Name=NetP1_3
Change Net Name : Old Net Name=NetP2_2 New Net Name=NetC1_2
Change Net Name : Old Net Name=NetP2_6 New Net Name=NetP2_2
Added Member To Class: ClassName=Volga-PCB Member=Component C1 Capacitor-Dummy-THT
Added Member To Class: ClassName=Volga-PCB Member=Component C2 Capacitor-Dummy-THT
Added Member To Class: ClassName=Volga-PCB Member=Component C3 Capacitor-Dummy-THT
