Added Component: Designator=5Vcc(Phoenix-2-5_08)
Added Component: Designator=C1(Dummy-10mm)
Added Component: Designator=C2(Dummy-10mm)
Added Component: Designator=C3(Dummy-10mm)
Added Component: Designator=C4(Dummy-10mm)
Added Component: Designator=C5(Dummy-10mm)
Added Component: Designator=C6(Dummy-10mm)
Added Component: Designator=C7(Dummy-10mm)
Added Component: Designator=C8(Dummy-10mm)
Added Component: Designator=C9(Dummy-10mm)
Added Component: Designator=C10(Dummy-10mm)
Added Component: Designator=Input(Phoenix-2-5_08)
Added Component: Designator=Output(Phoenix-2-5_08)
Added Component: Designator=R1(Dummy-10mm)
Added Component: Designator=R2(Dummy-10mm)
Added Component: Designator=R3(Dummy-10mm)
Added Component: Designator=R4(Dummy-10mm)
Added Component: Designator=R5(Dummy-10mm)
Added Component: Designator=R6(Dummy-10mm)
Added Component: Designator=R7(Dummy-10mm)
Added Component: Designator=R8(Dummy-10mm)
Added Component: Designator=R9(Dummy-10mm)
Added Component: Designator=R10(Dummy-10mm)
Added Component: Designator=R11(Dummy-10mm)
Added Component: Designator=U1(SOP8_L)
Added Component: Designator=U2(SOP8_L)
Added Component: Designator=U3(SOP8_L)
Added Component: Designator=U4(SOP8_L)
Added Pin To Net: NetName=5VCC Pin=5Vcc-1
Added Pin To Net: NetName=5VCC Pin=R10-2
Added Pin To Net: NetName=5VCC Pin=U1-7
Added Pin To Net: NetName=5VCC Pin=U2-7
Added Pin To Net: NetName=5VCC Pin=U3-7
Added Pin To Net: NetName=5VCC Pin=U4-7
Added Net: Name=5VCC
Added Pin To Net: NetName=GND Pin=5Vcc-2
Added Pin To Net: NetName=GND Pin=C3-2
Added Pin To Net: NetName=GND Pin=C5-2
Added Pin To Net: NetName=GND Pin=C7-2
Added Pin To Net: NetName=GND Pin=C9-2
Added Pin To Net: NetName=GND Pin=C10-2
Added Pin To Net: NetName=GND Pin=Input-2
Added Pin To Net: NetName=GND Pin=Output-2
Added Pin To Net: NetName=GND Pin=R11-1
Added Pin To Net: NetName=GND Pin=U1-4
Added Pin To Net: NetName=GND Pin=U2-4
Added Pin To Net: NetName=GND Pin=U3-4
Added Pin To Net: NetName=GND Pin=U4-4
Added Net: Name=GND
Added Pin To Net: NetName=NetC1_1 Pin=C1-1
Added Pin To Net: NetName=NetC1_1 Pin=Input-1
Added Net: Name=NetC1_1
Added Pin To Net: NetName=NetC1_2 Pin=C1-2
Added Pin To Net: NetName=NetC1_2 Pin=R1-1
Added Pin To Net: NetName=NetC1_2 Pin=R3-1
Added Net: Name=NetC1_2
Added Pin To Net: NetName=NetC2_1 Pin=C2-1
Added Pin To Net: NetName=NetC2_1 Pin=R1-2
Added Pin To Net: NetName=NetC2_1 Pin=R2-1
Added Net: Name=NetC2_1
Added Pin To Net: NetName=NetC2_2 Pin=C2-2
Added Pin To Net: NetName=NetC2_2 Pin=R4-1
Added Pin To Net: NetName=NetC2_2 Pin=U1-2
Added Pin To Net: NetName=NetC2_2 Pin=U1-6
Added Net: Name=NetC2_2
Added Pin To Net: NetName=NetC3_1 Pin=C3-1
Added Pin To Net: NetName=NetC3_1 Pin=R2-2
Added Pin To Net: NetName=NetC3_1 Pin=U1-3
Added Net: Name=NetC3_1
Added Pin To Net: NetName=NetC4_1 Pin=C4-1
Added Pin To Net: NetName=NetC4_1 Pin=R4-2
Added Pin To Net: NetName=NetC4_1 Pin=R5-1
Added Net: Name=NetC4_1
Added Pin To Net: NetName=NetC4_2 Pin=C4-2
Added Pin To Net: NetName=NetC4_2 Pin=R6-1
Added Pin To Net: NetName=NetC4_2 Pin=U2-2
Added Pin To Net: NetName=NetC4_2 Pin=U2-6
Added Net: Name=NetC4_2
Added Pin To Net: NetName=NetC5_1 Pin=C5-1
Added Pin To Net: NetName=NetC5_1 Pin=R5-2
Added Pin To Net: NetName=NetC5_1 Pin=U2-3
Added Net: Name=NetC5_1
Added Pin To Net: NetName=NetC6_1 Pin=C6-1
Added Pin To Net: NetName=NetC6_1 Pin=R6-2
Added Pin To Net: NetName=NetC6_1 Pin=R7-1
Added Net: Name=NetC6_1
Added Pin To Net: NetName=NetC6_2 Pin=C6-2
Added Pin To Net: NetName=NetC6_2 Pin=R8-1
Added Pin To Net: NetName=NetC6_2 Pin=U3-2
Added Pin To Net: NetName=NetC6_2 Pin=U3-6
Added Net: Name=NetC6_2
Added Pin To Net: NetName=NetC7_1 Pin=C7-1
Added Pin To Net: NetName=NetC7_1 Pin=R7-2
Added Pin To Net: NetName=NetC7_1 Pin=U3-3
Added Net: Name=NetC7_1
Added Pin To Net: NetName=NetC8_1 Pin=C8-1
Added Pin To Net: NetName=NetC8_1 Pin=R8-2
Added Pin To Net: NetName=NetC8_1 Pin=R9-1
Added Net: Name=NetC8_1
Added Pin To Net: NetName=NetC8_2 Pin=C8-2
Added Pin To Net: NetName=NetC8_2 Pin=Output-1
Added Pin To Net: NetName=NetC8_2 Pin=U4-2
Added Pin To Net: NetName=NetC8_2 Pin=U4-6
Added Net: Name=NetC8_2
Added Pin To Net: NetName=NetC9_1 Pin=C9-1
Added Pin To Net: NetName=NetC9_1 Pin=R9-2
Added Pin To Net: NetName=NetC9_1 Pin=U4-3
Added Net: Name=NetC9_1
Added Pin To Net: NetName=VREF Pin=C10-1
Added Pin To Net: NetName=VREF Pin=R3-2
Added Pin To Net: NetName=VREF Pin=R10-1
Added Pin To Net: NetName=VREF Pin=R11-2
Added Net: Name=VREF
Added Class: Name=LPF-400kHz-OPA820-THT
Change Room Name: Old Name=DVT-PSU-LM5116-HT_2 New Name=LPF-400kHz-OPA820-THT
Change Room Scope: Old Scope=InComponentClass('DVT-PSU-LM5116-HT_2') New Scope=InComponentClass('LPF-400kHz-OPA820-THT')
