Added Component: Designator=C1(Dummy-10mm)
Added Component: Designator=C2(Dummy-10mm)
Added Component: Designator=C3(Dummy-10mm)
Added Component: Designator=C4(Dummy-10mm)
Added Component: Designator=C5(Dummy-10mm)
Added Component: Designator=C6(Dummy-10mm)
Added Component: Designator=C7(Dummy-10mm)
Added Component: Designator=Cf1(Dummy-10mm)
Added Component: Designator=Cf2(Dummy-10mm)
Added Component: Designator=Cf3(Dummy-10mm)
Added Component: Designator=IN(Phoenix-2-5_08)
Added Component: Designator=OUT(Phoenix-2-5_08)
Added Component: Designator=R1(Dummy-10mm)
Added Component: Designator=R2(Dummy-10mm)
Added Component: Designator=R3(Dummy-10mm)
Added Component: Designator=R4(Dummy-10mm)
Added Component: Designator=R5(Dummy-10mm)
Added Component: Designator=R6(Dummy-10mm)
Added Component: Designator=R7(Dummy-10mm)
Added Component: Designator=R8(Dummy-10mm)
Added Component: Designator=R9(Dummy-10mm)
Added Component: Designator=R10(Dummy-10mm)
Added Component: Designator=R11(Dummy-10mm)
Added Component: Designator=U1(SOP8_L)
Added Component: Designator=U2(SOP8_L)
Added Component: Designator=VCC(Phoenix-2-5_08)
Added Pin To Net: NetName=GND Pin=C6-2
Added Pin To Net: NetName=GND Pin=Cf1-2
Added Pin To Net: NetName=GND Pin=Cf2-2
Added Pin To Net: NetName=GND Pin=Cf3-2
Added Pin To Net: NetName=GND Pin=IN-2
Added Pin To Net: NetName=GND Pin=OUT-1
Added Pin To Net: NetName=GND Pin=R6-1
Added Pin To Net: NetName=GND Pin=U1-4
Added Pin To Net: NetName=GND Pin=U2-4
Added Pin To Net: NetName=GND Pin=VCC-2
Added Net: Name=GND
Added Pin To Net: NetName=NetC1_1 Pin=C1-1
Added Pin To Net: NetName=NetC1_1 Pin=R2-1
Added Pin To Net: NetName=NetC1_1 Pin=U1-3
Added Net: Name=NetC1_1
Added Pin To Net: NetName=NetC2_1 Pin=C2-1
Added Pin To Net: NetName=NetC2_1 Pin=R1-1
Added Pin To Net: NetName=NetC2_1 Pin=R2-2
Added Net: Name=NetC2_1
Added Pin To Net: NetName=NetC2_2 Pin=C2-2
Added Pin To Net: NetName=NetC2_2 Pin=R3-2
Added Pin To Net: NetName=NetC2_2 Pin=R7-1
Added Pin To Net: NetName=NetC2_2 Pin=U1-6
Added Net: Name=NetC2_2
Added Pin To Net: NetName=NetC3_1 Pin=C3-1
Added Pin To Net: NetName=NetC3_1 Pin=R4-1
Added Pin To Net: NetName=NetC3_1 Pin=U2-3
Added Net: Name=NetC3_1
Added Pin To Net: NetName=NetC4_1 Pin=C4-1
Added Pin To Net: NetName=NetC4_1 Pin=R3-1
Added Pin To Net: NetName=NetC4_1 Pin=R4-2
Added Net: Name=NetC4_1
Added Pin To Net: NetName=NetC4_2 Pin=C4-2
Added Pin To Net: NetName=NetC4_2 Pin=C5-1
Added Pin To Net: NetName=NetC4_2 Pin=R10-1
Added Pin To Net: NetName=NetC4_2 Pin=U2-6
Added Net: Name=NetC4_2
Added Pin To Net: NetName=NetC5_2 Pin=C5-2
Added Pin To Net: NetName=NetC5_2 Pin=OUT-2
Added Net: Name=NetC5_2
Added Pin To Net: NetName=NetC7_1 Pin=C7-1
Added Pin To Net: NetName=NetC7_1 Pin=IN-1
Added Net: Name=NetC7_1
Added Pin To Net: NetName=NetC7_2 Pin=C7-2
Added Pin To Net: NetName=NetC7_2 Pin=R1-2
Added Pin To Net: NetName=NetC7_2 Pin=R11-2
Added Net: Name=NetC7_2
Added Pin To Net: NetName=NetR7_2 Pin=R7-2
Added Pin To Net: NetName=NetR7_2 Pin=R8-1
Added Pin To Net: NetName=NetR7_2 Pin=U1-2
Added Net: Name=NetR7_2
Added Pin To Net: NetName=NetR9_1 Pin=R9-1
Added Pin To Net: NetName=NetR9_1 Pin=R10-2
Added Pin To Net: NetName=NetR9_1 Pin=U2-2
Added Net: Name=NetR9_1
Added Pin To Net: NetName=VCC Pin=Cf1-1
Added Pin To Net: NetName=VCC Pin=Cf2-1
Added Pin To Net: NetName=VCC Pin=Cf3-1
Added Pin To Net: NetName=VCC Pin=R5-2
Added Pin To Net: NetName=VCC Pin=U1-7
Added Pin To Net: NetName=VCC Pin=U2-7
Added Pin To Net: NetName=VCC Pin=VCC-1
Added Net: Name=VCC
Added Pin To Net: NetName=VREF Pin=C1-2
Added Pin To Net: NetName=VREF Pin=C3-2
Added Pin To Net: NetName=VREF Pin=C6-1
Added Pin To Net: NetName=VREF Pin=R5-1
Added Pin To Net: NetName=VREF Pin=R6-2
Added Pin To Net: NetName=VREF Pin=R8-2
Added Pin To Net: NetName=VREF Pin=R9-2
Added Pin To Net: NetName=VREF Pin=R11-1
Added Net: Name=VREF
Added Class: Name=DVT-LPF
Change Room Name: Old Name=DVT-HPF-100kHz New Name=DVT-LPF
Change Room Scope: Old Scope=InComponentClass('DVT-HPF-100kHz') New Scope=InComponentClass('DVT-LPF')
