Added Component: Designator=C1(C1812)
Added Component: Designator=C2(C0805)
Added Component: Designator=C3(C1206)
Added Component: Designator=C4(C1210)
Added Pin To Net: NetName=GND Pin=C1-2
Added Pin To Net: NetName=GND Pin=C2-2
Added Pin To Net: NetName=GND Pin=C3-2
Added Pin To Net: NetName=GND Pin=U1-6
Added Pin To Net: NetName=GND Pin=U1-14
Added Pin To Net: NetName=NetC1_1 Pin=C1-1
Added Pin To Net: NetName=NetC1_1 Pin=U1-17
Added Net: Name=NetC1_1
Added Pin To Net: NetName=NetC2_1 Pin=C2-1
Added Pin To Net: NetName=NetC2_1 Pin=U1-5
Added Net: Name=NetC2_1
Added Pin To Net: NetName=NetC3_1 Pin=C3-1
Added Pin To Net: NetName=NetC3_1 Pin=U1-7
Added Net: Name=NetC3_1
Added Pin To Net: NetName=NetC4_1 Pin=C4-1
Added Pin To Net: NetName=NetC4_1 Pin=U1-9
Added Net: Name=NetC4_1
Added Member To Class: ClassName=DVT-PSU-LM5116-HT_1 Member=Component C1 Capacitor-Dummy-SMT
Added Member To Class: ClassName=DVT-PSU-LM5116-HT_1 Member=Component C2 270pF_50V_0805_HT
Added Member To Class: ClassName=DVT-PSU-LM5116-HT_1 Member=Component C3 10nF_50V_1206_HT
Added Member To Class: ClassName=DVT-PSU-LM5116-HT_1 Member=Component C4 100pF_100V_1210_HT
