Added Component: Designator=D5(LED2X5)
Added Component: Designator=D6(LED2X5)
Added Component: Designator=D7(LED2X5)
Added Component: Designator=D8(LED2X5)
Added Component: Designator=GPIOsOuts(HDR1X4)
Added Component: Designator=R19(Dummy-10mm)
Added Component: Designator=R20(Dummy-10mm)
Added Component: Designator=R21(Dummy-10mm)
Added Component: Designator=R23(Dummy-10mm)
Added Pin To Net: NetName=GND Pin=R19-1
Added Pin To Net: NetName=GND Pin=R20-1
Added Pin To Net: NetName=GND Pin=R21-1
Added Pin To Net: NetName=GND Pin=R23-1
Change Net Name : Old Net Name=EXP_EMIFA_D12 New Net Name=EXP_EMIFA_D8
Change Net Name : Old Net Name=EXP_EMIFA_D13 New Net Name=EXP_EMIFA_D9
Change Net Name : Old Net Name=EXP_EMIFA_D14 New Net Name=EXP_EMIFA_D10
Change Net Name : Old Net Name=EXP_EMIFA_D15 New Net Name=EXP_EMIFA_D11
Added Pin To Net: NetName=EXP_EMIFA_D12 Pin=D5-A
Added Pin To Net: NetName=EXP_EMIFA_D12 Pin=GPIOsOuts-1
Added Net: Name=EXP_EMIFA_D12
Added Pin To Net: NetName=EXP_EMIFA_D13 Pin=D6-A
Added Pin To Net: NetName=EXP_EMIFA_D13 Pin=GPIOsOuts-2
Added Net: Name=EXP_EMIFA_D13
Added Pin To Net: NetName=EXP_EMIFA_D14 Pin=D7-A
Added Pin To Net: NetName=EXP_EMIFA_D14 Pin=GPIOsOuts-3
Added Net: Name=EXP_EMIFA_D14
Added Pin To Net: NetName=EXP_EMIFA_D15 Pin=D8-A
Added Pin To Net: NetName=EXP_EMIFA_D15 Pin=GPIOsOuts-4
Added Net: Name=EXP_EMIFA_D15
Added Pin To Net: NetName=NetD5_K Pin=D5-K
Added Pin To Net: NetName=NetD5_K Pin=R23-2
Added Net: Name=NetD5_K
Added Pin To Net: NetName=NetD6_K Pin=D6-K
Added Pin To Net: NetName=NetD6_K Pin=R21-2
Added Net: Name=NetD6_K
Added Pin To Net: NetName=NetD7_K Pin=D7-K
Added Pin To Net: NetName=NetD7_K Pin=R20-2
Added Net: Name=NetD7_K
Added Pin To Net: NetName=NetD8_K Pin=D8-K
Added Pin To Net: NetName=NetD8_K Pin=R19-2
Added Net: Name=NetD8_K
Added Member To Class: ClassName=OMAPL-Extrention Prototype Member=Component D5 151051RS11000
Added Member To Class: ClassName=OMAPL-Extrention Prototype Member=Component D6 151051RS11000
Added Member To Class: ClassName=OMAPL-Extrention Prototype Member=Component D7 151051RS11000
Added Member To Class: ClassName=OMAPL-Extrention Prototype Member=Component D8 151051RS11000
Added Member To Class: ClassName=OMAPL-Extrention Prototype Member=Component GPIOsOuts Plug_4_90_2.54
Added Member To Class: ClassName=OMAPL-Extrention Prototype Member=Component R19 Resistor-Dummy-THT
Added Member To Class: ClassName=OMAPL-Extrention Prototype Member=Component R20 Resistor-Dummy-THT
Added Member To Class: ClassName=OMAPL-Extrention Prototype Member=Component R21 Resistor-Dummy-THT
Added Member To Class: ClassName=OMAPL-Extrention Prototype Member=Component R23 Resistor-Dummy-THT
