Removed Pin From Net: NetName=NetC24_1 Pin=C24-1
Removed Pin From Net: NetName=NetD1_1 Pin=D1-1
Removed Pin From Net: NetName=NetD1_2 Pin=D1-2
Removed Pin From Net: NetName=NetD2_1 Pin=D2-1
Removed Pin From Net: NetName=NetD2_2 Pin=D2-2
Removed Pin From Net: NetName=NetD2_1 Pin=D3-1
Removed Pin From Net: NetName=NetD3_2 Pin=D3-2
Removed Pin From Net: NetName=NetC24_1 Pin=D4-1
Removed Pin From Net: NetName=NetJP1_1 Pin=JP1-1
Removed Pin From Net: NetName=NetJP1_2 Pin=JP1-2
Removed Pin From Net: NetName=NetJP1_3 Pin=JP1-3
Removed Pin From Net: NetName=NetJP1_4 Pin=JP1-4
Removed Pin From Net: NetName=3V3 Pin=JP1-5
Removed Pin From Net: NetName=NetJP1_6 Pin=JP1-6
Removed Pin From Net: NetName=GND Pin=JP1-7
Removed Pin From Net: NetName=NetJP2_1 Pin=JP2-1
Removed Pin From Net: NetName=NetJP2_2 Pin=JP2-2
Removed Pin From Net: NetName=NetJP1_3 Pin=JP2-3
Removed Pin From Net: NetName=NetJP1_4 Pin=JP2-4
Removed Pin From Net: NetName=3V3 Pin=JP2-5
Removed Pin From Net: NetName=NetJP2_6 Pin=JP2-6
Removed Pin From Net: NetName=GND Pin=JP2-7
Removed Pin From Net: NetName=NetJP3_1 Pin=JP3-1
Removed Pin From Net: NetName=NetJP3_2 Pin=JP3-2
Removed Pin From Net: NetName=NetJP1_3 Pin=JP3-3
Removed Pin From Net: NetName=NetJP1_4 Pin=JP3-4
Removed Pin From Net: NetName=3V3 Pin=JP3-5
Removed Pin From Net: NetName=NetJP3_6 Pin=JP3-6
Removed Pin From Net: NetName=GND Pin=JP3-7
Removed Pin From Net: NetName=NetJP4_1 Pin=JP4-1
Removed Pin From Net: NetName=NetJP1_3 Pin=JP4-3
Removed Pin From Net: NetName=NetJP1_4 Pin=JP4-4
Removed Pin From Net: NetName=3V3 Pin=JP4-5
Removed Pin From Net: NetName=NetJP4_6 Pin=JP4-6
Removed Pin From Net: NetName=GND Pin=JP4-7
Removed Pin From Net: NetName=NetJP5_5 Pin=JP5-5
Removed Pin From Net: NetName=NetJP5_6 Pin=JP5-6
Removed Pin From Net: NetName=12V Pin=JP5-9
Removed Pin From Net: NetName=GND Pin=JP6-1
Removed Pin From Net: NetName=3V3 Pin=JP6-2
Removed Pin From Net: NetName=NetD2_2 Pin=L4-2
Removed Pin From Net: NetName=NetD2_2 Pin=P6-1
Removed Pin From Net: NetName=NetP1_1 Pin=P6-2
Removed Pin From Net: NetName=NetD2_2 Pin=P7-1
Removed Pin From Net: NetName=NetP2_1 Pin=P7-2
Removed Pin From Net: NetName=NetD2_2 Pin=P8-1
Removed Pin From Net: NetName=NetP3_1 Pin=P8-2
Removed Pin From Net: NetName=NetD2_2 Pin=P9-1
Removed Pin From Net: NetName=NetP4_1 Pin=P9-2
Removed Pin From Net: NetName=NetD1_1 Pin=Q3-3
Removed Pin From Net: NetName=NetC24_1 Pin=R20-1
Removed Pin From Net: NetName=NetD1_2 Pin=R20-2
Removed Pin From Net: NetName=NetC24_1 Pin=R21-1-1
Removed Pin From Net: NetName=NetD2_1 Pin=R21-1-2
Removed Pin From Net: NetName=NetC24_1 Pin=R21-1
Removed Pin From Net: NetName=NetD2_1 Pin=R21-2
Removed Pin From Net: NetName=NetD1_2 Pin=R22-2
Removed Pin From Net: NetName=3V3 Pin=R24-2
Removed Pin From Net: NetName=NetJP1_4 Pin=R25-1
Removed Pin From Net: NetName=3V3 Pin=R25-2
Removed Pin From Net: NetName=NetJP1_4 Pin=U1-4
Removed Pin From Net: NetName=NetJP1_3 Pin=U1-5
Removed Pin From Net: NetName=NetJP4_1 Pin=U1-11
Removed Pin From Net: NetName=NetJP1_1 Pin=U1-12
Removed Pin From Net: NetName=NetJP2_1 Pin=U1-13
Removed Pin From Net: NetName=NetJP3_1 Pin=U1-17
Removed Pin From Net: NetName=NetJP2_2 Pin=U1-22
Removed Pin From Net: NetName=NetJP1_2 Pin=U1-23
Removed Pin From Net: NetName=NetJP3_2 Pin=U1-27
Removed Pin From Net: NetName=NetJP5_6 Pin=U1-43
Removed Pin From Net: NetName=NetJP1_6 Pin=U1-46
Removed Pin From Net: NetName=NetJP2_6 Pin=U1-50
Removed Pin From Net: NetName=NetJP4_6 Pin=U1-52
Removed Pin From Net: NetName=NetJP5_5 Pin=U1-53
Removed Pin From Net: NetName=GND Pin=U9-3
Removed Member From Class: ClassName=DAM10_Control Member=C24
Removed Member From Class: ClassName=DAM10_Control Member=D1
Removed Member From Class: ClassName=DAM10_Control Member=D2
Removed Member From Class: ClassName=DAM10_Control Member=D3
Removed Member From Class: ClassName=DAM10_Control Member=D4
Removed Member From Class: ClassName=DAM10_Control Member=JP1
Removed Member From Class: ClassName=DAM10_Control Member=JP2
Removed Member From Class: ClassName=DAM10_Control Member=JP3
Removed Member From Class: ClassName=DAM10_Control Member=JP4
Removed Member From Class: ClassName=DAM10_Control Member=JP5
Removed Member From Class: ClassName=DAM10_Control Member=JP6
Removed Member From Class: ClassName=DAM10_Control Member=P6
Removed Member From Class: ClassName=DAM10_Control Member=P7
Removed Member From Class: ClassName=DAM10_Control Member=P8
Removed Member From Class: ClassName=DAM10_Control Member=P9
Removed Member From Class: ClassName=DAM10_Control Member=P10
Removed Member From Class: ClassName=DAM10_Control Member=P11
Removed Member From Class: ClassName=DAM10_Control Member=P12
Removed Member From Class: ClassName=DAM10_Control Member=P13
Removed Member From Class: ClassName=DAM10_Control Member=Q3
Removed Member From Class: ClassName=DAM10_Control Member=R20
Removed Member From Class: ClassName=DAM10_Control Member=R21-1
Removed Member From Class: ClassName=DAM10_Control Member=R21
Removed Member From Class: ClassName=DAM10_Control Member=R22
Removed Member From Class: ClassName=DAM10_Control Member=R23
Removed Member From Class: ClassName=DAM10_Control Member=R24
Removed Member From Class: ClassName=DAM10_Control Member=R25
Removed Member From Class: ClassName=DAM10_Control Member=U9
Added Pin To Net: NetName=NetC24_1 Pin=L4-2
Added Pin To Net: NetName=NetD1_1 Pin=U1-4
Added Pin To Net: NetName=NetD1_2 Pin=U1-5
Added Pin To Net: NetName=NetD2_1 Pin=U1-11
Added Pin To Net: NetName=NetD2_2 Pin=U1-12
Added Pin To Net: NetName=NetJP1_1 Pin=U1-13
Added Pin To Net: NetName=NetJP1_2 Pin=U1-17
Added Pin To Net: NetName=NetJP1_3 Pin=U1-22
Added Pin To Net: NetName=NetJP1_4 Pin=U1-23
Added Pin To Net: NetName=NetJP1_6 Pin=U1-27
Added Pin To Net: NetName=NetJP2_1 Pin=U1-42
Added Pin To Net: NetName=NetJP2_2 Pin=U1-43
Added Pin To Net: NetName=NetJP2_6 Pin=U1-45
Added Pin To Net: NetName=NetJP3_1 Pin=U1-46
Added Pin To Net: NetName=NetJP3_2 Pin=U1-50
Added Pin To Net: NetName=NetJP4_1 Pin=U1-52
Added Pin To Net: NetName=NetJP4_6 Pin=U1-53
Added Pin To Net: NetName=NetJP5_5 Pin=U1-54
Added Pin To Net: NetName=NetJP5_6 Pin=U1-55
Change Net Name : Old Net Name=NetC24_1 New Net Name=NetL4_2
Change Net Name : Old Net Name=NetD1_1 New Net Name=NetU1_4
Change Net Name : Old Net Name=NetD1_2 New Net Name=NetU1_5
Change Net Name : Old Net Name=NetD2_1 New Net Name=NetU1_11
Change Net Name : Old Net Name=NetD2_2 New Net Name=NetU1_12
Change Net Name : Old Net Name=NetD3_2 New Net Name=NetL4_3
Change Net Name : Old Net Name=NetJP1_1 New Net Name=NetU1_13
Change Net Name : Old Net Name=NetJP1_2 New Net Name=NetU1_17
Change Net Name : Old Net Name=NetJP1_3 New Net Name=NetU1_22
Change Net Name : Old Net Name=NetJP1_4 New Net Name=NetU1_23
Change Net Name : Old Net Name=NetJP1_6 New Net Name=NetU1_27
Change Net Name : Old Net Name=NetJP2_1 New Net Name=NetU1_42
Change Net Name : Old Net Name=NetJP2_2 New Net Name=NetU1_43
Change Net Name : Old Net Name=NetJP2_6 New Net Name=NetU1_45
Change Net Name : Old Net Name=NetJP3_1 New Net Name=NetU1_46
Change Net Name : Old Net Name=NetJP3_2 New Net Name=NetU1_50
Change Net Name : Old Net Name=NetJP3_6 New Net Name=NetU1_51
Change Net Name : Old Net Name=NetJP4_1 New Net Name=NetU1_52
Change Net Name : Old Net Name=NetJP4_6 New Net Name=NetU1_53
Change Net Name : Old Net Name=NetJP5_5 New Net Name=NetU1_54
Change Net Name : Old Net Name=NetJP5_6 New Net Name=NetU1_55
