


          SolidWorks Corporation - STEP Processor Error Log
          ______________________________________________________

                       STEP Post Processor
                       ___________________


STEP File Name: C:\Users\Sebastians\Documents\ExodusAmps\TDE-Altium\KNX-MultiExt\KNX-MultiExt.step


Die Oberflächen wurden erfolgreich zu einem Volumenkörper verarbeitet.
STEPImport ausgeführt.Die Oberflächen wurden erfolgreich zu einem Volumenkörper verarbeitet.
STEPImport ausgeführt.Die Oberflächen wurden erfolgreich zu einem Volumenkörper verarbeitet.
STEPImport ausgeführt.Die Oberflächen wurden erfolgreich zu einem Volumenkörper verarbeitet.
STEPImport ausgeführt.XLTR: Circuit sanity failure
XLTR: Circuit sanity failure
WARNUNG: Surface problem...Die Oberflächen wurden erfolgreich zu einem Volumenkörper verarbeitet.
STEPImport ausgeführt.
Error: Volumenkörper konnte nicht von getrimmten Oberflächen erstellt werden.
STEPImport nicht erfolgreich ausgeführt.
Die Oberflächen wurden erfolgreich zu einem Volumenkörper verarbeitet.
STEPImport ausgeführt.Die Oberflächen wurden erfolgreich zu einem Volumenkörper verarbeitet.
STEPImport ausgeführt.Die Oberflächen wurden erfolgreich zu einem Volumenkörper verarbeitet.
STEPImport ausgeführt.Die Oberflächen wurden erfolgreich zu einem Volumenkörper verarbeitet.
STEPImport ausgeführt.Die Oberflächen wurden erfolgreich zu einem Volumenkörper verarbeitet.
STEPImport ausgeführt.Die Oberflächen wurden erfolgreich zu einem Volumenkörper verarbeitet.
STEPImport ausgeführt.Die Oberflächen wurden erfolgreich zu einem Volumenkörper verarbeitet.
STEPImport ausgeführt.Die Oberflächen wurden erfolgreich zu einem Volumenkörper verarbeitet.
STEPImport ausgeführt.Die Oberflächen wurden erfolgreich zu einem Volumenkörper verarbeitet.
STEPImport ausgeführt.Die Oberflächen wurden erfolgreich zu einem Volumenkörper verarbeitet.
STEPImport ausgeführt.Die Oberflächen wurden erfolgreich zu einem Volumenkörper verarbeitet.
STEPImport ausgeführt.Die Oberflächen wurden erfolgreich zu einem Volumenkörper verarbeitet.
STEPImport ausgeführt.Die Oberflächen wurden erfolgreich zu einem Volumenkörper verarbeitet.
STEPImport ausgeführt.Die Oberflächen wurden erfolgreich zu einem Volumenkörper verarbeitet.
STEPImport ausgeführt.Die Oberflächen wurden erfolgreich zu einem Volumenkörper verarbeitet.
STEPImport ausgeführt.Die Oberflächen wurden erfolgreich zu einem Volumenkörper verarbeitet.
STEPImport ausgeführt.Die Oberflächen wurden erfolgreich zu einem Volumenkörper verarbeitet.
STEPImport ausgeführt.Die Oberflächen wurden erfolgreich zu einem Volumenkörper verarbeitet.
STEPImport ausgeführt.Die Oberflächen wurden erfolgreich zu einem Volumenkörper verarbeitet.
STEPImport ausgeführt.Die Oberflächen wurden erfolgreich zu einem Volumenkörper verarbeitet.
STEPImport ausgeführt.Die Oberflächen wurden erfolgreich zu einem Volumenkörper verarbeitet.
STEPImport ausgeführt.Die Oberflächen wurden erfolgreich zu einem Volumenkörper verarbeitet.
STEPImport ausgeführt.Die Oberflächen wurden erfolgreich zu einem Volumenkörper verarbeitet.
STEPImport ausgeführt.