Removed Pin From Net: NetName=NetC6_1 Pin=R3-1
Removed Pin From Net: NetName=VOUT Pin=R18-1
Removed Member From Class: ClassName=DVT-PWM-PSU-1 Member=R15
Removed Member From Class: ClassName=DVT-PWM-PSU-1 Member=R18
Change Component Designator: OldDesignator=R15 NewDesignator=R3
Added Component: Designator=C3-1(Dummy-10mm)
Added Component: Designator=C4-1(Dummy-10mm)
Added Component: Designator=Cf(Dummy-10mm)
Added Component: Designator=Cpar(Dummy-10mm)
Added Component: Designator=GNDs(Phoenix-2-5_08)
Added Pin To Net: NetName=VIN Pin=C3-1-1
Added Pin To Net: NetName=GND Pin=C3-1-2
Added Pin To Net: NetName=VIN Pin=C4-1-1
Added Pin To Net: NetName=GND Pin=C4-1-2
Added Pin To Net: NetName=NetR14_2 Pin=Cf-1
Added Pin To Net: NetName=NetC12_2 Pin=Cf-2
Added Pin To Net: NetName=NetC8_1 Pin=Cpar-1
Added Pin To Net: NetName=A-GND Pin=Cpar-2
Added Pin To Net: NetName=GND Pin=GNDs-1
Added Pin To Net: NetName=A-GND Pin=GNDs-2
Added Pin To Net: NetName=NetC6_1 Pin=U2-3
Change Net Name : Old Net Name=NetR14_2 New Net Name=NetCf_1
Added Member To Class: ClassName=DVT-PWM-PSU-1 Member=Component C3-1 Capacitor-Dummy-THT
Added Member To Class: ClassName=DVT-PWM-PSU-1 Member=Component C4-1 Capacitor-Dummy-THT
Added Member To Class: ClassName=DVT-PWM-PSU-1 Member=Component Cf Capacitor-Dummy-THT
Added Member To Class: ClassName=DVT-PWM-PSU-1 Member=Component Cpar Capacitor-Dummy-THT
Added Member To Class: ClassName=DVT-PWM-PSU-2 Member=Component GNDs PHOENIX_1715721
