Change component parameters. Clean all parameters for all variants
Change component parameters (AddParameter): Name = "Publisher"; Value = "Sebastian Kulik"; VariantName = "[No Variations]"
Change component parameters. Clean all parameters for all variants
Change component parameters (AddParameter): Name = "LatestRevisionDate"; Value = "18.02.2014"; VariantName = "[No Variations]"
Change component parameters (AddParameter): Name = "LatestRevisionNote"; Value = "Re-released for DXP Platform."; VariantName = "[No Variations]"
Change component parameters (AddParameter): Name = "Publisher"; Value = "Sebastian Kulik"; VariantName = "[No Variations]"
Change component parameters. Clean all parameters for all variants
Change component parameters (AddParameter): Name = "LatestRevisionDate"; Value = "18.02.2014"; VariantName = "[No Variations]"
Change component parameters (AddParameter): Name = "LatestRevisionNote"; Value = "Re-released for DXP Platform."; VariantName = "[No Variations]"
Change component parameters (AddParameter): Name = "Publisher"; Value = "Sebastian Kulik"; VariantName = "[No Variations]"
Change component parameters. Clean all parameters for all variants
Change component parameters (AddParameter): Name = "Deliverer"; Value = "CISSOID"; VariantName = "[No Variations]"
Change component parameters (AddParameter): Name = "Deliverer PartNr"; Value = "CHT-VOLGA"; VariantName = "[No Variations]"
Change component parameters (AddParameter): Name = "Manufacturer"; Value = "CISSOID"; VariantName = "[No Variations]"
Change component parameters (AddParameter): Name = "Manufacturer PartNr"; Value = "CHT-VOLGA"; VariantName = "[No Variations]"
Change component parameters (AddParameter): Name = "PackageDescription"; Value = "DIP16"; VariantName = "[No Variations]"
Change component parameters (AddParameter): Name = "Price"; Value = "204.93/5"; VariantName = "[No Variations]"
Change component parameters (AddParameter): Name = "Published"; Value = "01.08.2016"; VariantName = "[No Variations]"
Change component parameters (AddParameter): Name = "Publisher"; Value = "Sebastian Kulik"; VariantName = "[No Variations]"
Change component parameters (AddParameter): Name = "TDE-PN"; Value = "IC0080"; VariantName = "[No Variations]"
Change component parameters. Clean all parameters for all variants
Change component parameters (AddParameter): Name = "Deliverer"; Value = "RS"; VariantName = "[No Variations]"
Change component parameters (AddParameter): Name = "Deliverer PartNr"; Value = "305-490"; VariantName = "[No Variations]"
Change component parameters (AddParameter): Name = "Manufacturer"; Value = "TI"; VariantName = "[No Variations]"
Change component parameters (AddParameter): Name = "Manufacturer PartNr"; Value = "SN7400N"; VariantName = "[No Variations]"
Change component parameters (AddParameter): Name = "PackageDescription"; Value = "SOIC28"; VariantName = "[No Variations]"
Change component parameters (AddParameter): Name = "Price"; Value = "1.45"; VariantName = "[No Variations]"
Change component parameters (AddParameter): Name = "Published"; Value = "13.05.2016"; VariantName = "[No Variations]"
Change component parameters (AddParameter): Name = "Publisher"; Value = "Sebastian Kulik"; VariantName = "[No Variations]"
Change component parameters (AddParameter): Name = "TDE-PN"; Value = "IC0076"; VariantName = "[No Variations]"
Change component parameters. Clean all parameters for all variants
Change component parameters (AddParameter): Name = "Deliverer"; Value = "RS"; VariantName = "[No Variations]"
Change component parameters (AddParameter): Name = "Deliverer PartNr"; Value = "193-0564"; VariantName = "[No Variations]"
Change component parameters (AddParameter): Name = "LatestRevisionDate"; Value = "02.05.2014"; VariantName = "[No Variations]"
Change component parameters (AddParameter): Name = "LatestRevisionNote"; Value = "Re-released for DXP Platform."; VariantName = "[No Variations]"
Change component parameters (AddParameter): Name = "Manufacturer"; Value = "Phoenix"; VariantName = "[No Variations]"
Change component parameters (AddParameter): Name = "Manufacturer PartNr"; Value = "1715721"; VariantName = "[No Variations]"
Change component parameters (AddParameter): Name = "PackageDescription"; Value = "Phoenix-2-5_08"; VariantName = "[No Variations]"
Change component parameters (AddParameter): Name = "Price"; Value = "0.976/5"; VariantName = "[No Variations]"
Change component parameters (AddParameter): Name = "Publisher"; Value = "Sebastian Kulik"; VariantName = "[No Variations]"
Change component parameters (AddParameter): Name = "TDE-PN"; Value = "CON0008"; VariantName = "[No Variations]"
Change component parameters. Clean all parameters for all variants
Change component parameters (AddParameter): Name = "Deliverer"; Value = "RS"; VariantName = "[No Variations]"
Change component parameters (AddParameter): Name = "Deliverer PartNr"; Value = "193-0564"; VariantName = "[No Variations]"
Change component parameters (AddParameter): Name = "LatestRevisionDate"; Value = "02.05.2014"; VariantName = "[No Variations]"
Change component parameters (AddParameter): Name = "LatestRevisionNote"; Value = "Re-released for DXP Platform."; VariantName = "[No Variations]"
Change component parameters (AddParameter): Name = "Manufacturer"; Value = "Phoenix"; VariantName = "[No Variations]"
Change component parameters (AddParameter): Name = "Manufacturer PartNr"; Value = "1715721"; VariantName = "[No Variations]"
Change component parameters (AddParameter): Name = "PackageDescription"; Value = "Phoenix-2-5_08"; VariantName = "[No Variations]"
Change component parameters (AddParameter): Name = "Price"; Value = "0.976/5"; VariantName = "[No Variations]"
Change component parameters (AddParameter): Name = "Publisher"; Value = "Sebastian Kulik"; VariantName = "[No Variations]"
Change component parameters (AddParameter): Name = "TDE-PN"; Value = "CON0008"; VariantName = "[No Variations]"
Change component parameters. Clean all parameters for all variants
Change component parameters (AddParameter): Name = "Deliverer"; Value = "RS"; VariantName = "[No Variations]"
Change component parameters (AddParameter): Name = "Deliverer PartNr"; Value = "193-0564"; VariantName = "[No Variations]"
Change component parameters (AddParameter): Name = "LatestRevisionDate"; Value = "02.05.2014"; VariantName = "[No Variations]"
Change component parameters (AddParameter): Name = "LatestRevisionNote"; Value = "Re-released for DXP Platform."; VariantName = "[No Variations]"
Change component parameters (AddParameter): Name = "Manufacturer"; Value = "Phoenix"; VariantName = "[No Variations]"
Change component parameters (AddParameter): Name = "Manufacturer PartNr"; Value = "1715721"; VariantName = "[No Variations]"
Change component parameters (AddParameter): Name = "PackageDescription"; Value = "Phoenix-2-5_08"; VariantName = "[No Variations]"
Change component parameters (AddParameter): Name = "Price"; Value = "0.976/5"; VariantName = "[No Variations]"
Change component parameters (AddParameter): Name = "Publisher"; Value = "Sebastian Kulik"; VariantName = "[No Variations]"
Change component parameters (AddParameter): Name = "TDE-PN"; Value = "CON0008"; VariantName = "[No Variations]"
Change component parameters. Clean all parameters for all variants
Change component parameters (AddParameter): Name = "Deliverer"; Value = "Farnell"; VariantName = "[No Variations]"
Change component parameters (AddParameter): Name = "Deliverer PartNr"; Value = "2544877"; VariantName = "[No Variations]"
Change component parameters (AddParameter): Name = "Manufacturer"; Value = "-"; VariantName = "[No Variations]"
Change component parameters (AddParameter): Name = "Manufacturer PartNr"; Value = "-"; VariantName = "[No Variations]"
Change component parameters (AddParameter): Name = "PackageDescription"; Value = "-"; VariantName = "[No Variations]"
Change component parameters (AddParameter): Name = "Part Description"; Value = "Capacitor-Dummy-THT"; VariantName = "[No Variations]"
Change component parameters (AddParameter): Name = "Price"; Value = "0.51/10"; VariantName = "[No Variations]"
Change component parameters (AddParameter): Name = "Published"; Value = "08.12.2015"; VariantName = "[No Variations]"
Change component parameters (AddParameter): Name = "Publisher"; Value = "Sebastian Kulik"; VariantName = "[No Variations]"
Change component parameters (AddParameter): Name = "TDE-PN"; Value = "-"; VariantName = "[No Variations]"
Change component parameters (AddParameter): Name = "Value"; Value = "100nF200V"; VariantName = "[No Variations]"
Change component parameters. Clean all parameters for all variants
Change component parameters (AddParameter): Name = "Deliverer"; Value = "Farnell"; VariantName = "[No Variations]"
Change component parameters (AddParameter): Name = "Deliverer PartNr"; Value = "2544877"; VariantName = "[No Variations]"
Change component parameters (AddParameter): Name = "Manufacturer"; Value = "-"; VariantName = "[No Variations]"
Change component parameters (AddParameter): Name = "Manufacturer PartNr"; Value = "-"; VariantName = "[No Variations]"
Change component parameters (AddParameter): Name = "PackageDescription"; Value = "-"; VariantName = "[No Variations]"
Change component parameters (AddParameter): Name = "Part Description"; Value = "Capacitor-Dummy-THT"; VariantName = "[No Variations]"
Change component parameters (AddParameter): Name = "Price"; Value = "0.51/10"; VariantName = "[No Variations]"
Change component parameters (AddParameter): Name = "Published"; Value = "08.12.2015"; VariantName = "[No Variations]"
Change component parameters (AddParameter): Name = "Publisher"; Value = "Sebastian Kulik"; VariantName = "[No Variations]"
Change component parameters (AddParameter): Name = "TDE-PN"; Value = "-"; VariantName = "[No Variations]"
Change component parameters (AddParameter): Name = "Value"; Value = "100nF200V"; VariantName = "[No Variations]"
Change component parameters. Clean all parameters for all variants
Change component parameters (AddParameter): Name = "Deliverer"; Value = "Farnell"; VariantName = "[No Variations]"
Change component parameters (AddParameter): Name = "Deliverer PartNr"; Value = "2544877"; VariantName = "[No Variations]"
Change component parameters (AddParameter): Name = "Manufacturer"; Value = "-"; VariantName = "[No Variations]"
Change component parameters (AddParameter): Name = "Manufacturer PartNr"; Value = "-"; VariantName = "[No Variations]"
Change component parameters (AddParameter): Name = "PackageDescription"; Value = "-"; VariantName = "[No Variations]"
Change component parameters (AddParameter): Name = "Part Description"; Value = "Capacitor-Dummy-THT"; VariantName = "[No Variations]"
Change component parameters (AddParameter): Name = "Price"; Value = "0.51/10"; VariantName = "[No Variations]"
Change component parameters (AddParameter): Name = "Published"; Value = "08.12.2015"; VariantName = "[No Variations]"
Change component parameters (AddParameter): Name = "Publisher"; Value = "Sebastian Kulik"; VariantName = "[No Variations]"
Change component parameters (AddParameter): Name = "TDE-PN"; Value = "-"; VariantName = "[No Variations]"
Change component parameters (AddParameter): Name = "Value"; Value = "100nF200V"; VariantName = "[No Variations]"
Change component parameters. Clean all parameters for all variants
Change component parameters (AddParameter): Name = "Deliverer"; Value = "Farnell"; VariantName = "[No Variations]"
Change component parameters (AddParameter): Name = "Deliverer PartNr"; Value = "2529490"; VariantName = "[No Variations]"
Change component parameters (AddParameter): Name = "Manufacturer"; Value = "-"; VariantName = "[No Variations]"
Change component parameters (AddParameter): Name = "Manufacturer PartNr"; Value = "-"; VariantName = "[No Variations]"
Change component parameters (AddParameter): Name = "PackageDescription"; Value = "-"; VariantName = "[No Variations]"
Change component parameters (AddParameter): Name = "Part Description"; Value = "Capacitor-Dummy-THT"; VariantName = "[No Variations]"
Change component parameters (AddParameter): Name = "Price"; Value = "1.28/1"; VariantName = "[No Variations]"
Change component parameters (AddParameter): Name = "Published"; Value = "08.12.2015"; VariantName = "[No Variations]"
Change component parameters (AddParameter): Name = "Publisher"; Value = "Sebastian Kulik"; VariantName = "[No Variations]"
Change component parameters (AddParameter): Name = "TDE-PN"; Value = "-"; VariantName = "[No Variations]"
Change component parameters (AddParameter): Name = "Value"; Value = "2.2uF50V"; VariantName = "[No Variations]"
Change component parameters. Clean all parameters for all variants
Change component parameters (AddParameter): Name = "Deliverer"; Value = "Farnell"; VariantName = "[No Variations]"
Change component parameters (AddParameter): Name = "Deliverer PartNr"; Value = "2529490"; VariantName = "[No Variations]"
Change component parameters (AddParameter): Name = "Manufacturer"; Value = "-"; VariantName = "[No Variations]"
Change component parameters (AddParameter): Name = "Manufacturer PartNr"; Value = "-"; VariantName = "[No Variations]"
Change component parameters (AddParameter): Name = "PackageDescription"; Value = "-"; VariantName = "[No Variations]"
Change component parameters (AddParameter): Name = "Part Description"; Value = "Capacitor-Dummy-THT"; VariantName = "[No Variations]"
Change component parameters (AddParameter): Name = "Price"; Value = "1.28/1"; VariantName = "[No Variations]"
Change component parameters (AddParameter): Name = "Published"; Value = "08.12.2015"; VariantName = "[No Variations]"
Change component parameters (AddParameter): Name = "Publisher"; Value = "Sebastian Kulik"; VariantName = "[No Variations]"
Change component parameters (AddParameter): Name = "TDE-PN"; Value = "-"; VariantName = "[No Variations]"
Change component parameters (AddParameter): Name = "Value"; Value = "2.2uF50V"; VariantName = "[No Variations]"
Change component parameters. Clean all parameters for all variants
Change component parameters (AddParameter): Name = "Deliverer"; Value = "Farnell"; VariantName = "[No Variations]"
Change component parameters (AddParameter): Name = "Deliverer PartNr"; Value = "2529490"; VariantName = "[No Variations]"
Change component parameters (AddParameter): Name = "Manufacturer"; Value = "-"; VariantName = "[No Variations]"
Change component parameters (AddParameter): Name = "Manufacturer PartNr"; Value = "-"; VariantName = "[No Variations]"
Change component parameters (AddParameter): Name = "PackageDescription"; Value = "-"; VariantName = "[No Variations]"
Change component parameters (AddParameter): Name = "Part Description"; Value = "Capacitor-Dummy-THT"; VariantName = "[No Variations]"
Change component parameters (AddParameter): Name = "Price"; Value = "1.28/1"; VariantName = "[No Variations]"
Change component parameters (AddParameter): Name = "Published"; Value = "08.12.2015"; VariantName = "[No Variations]"
Change component parameters (AddParameter): Name = "Publisher"; Value = "Sebastian Kulik"; VariantName = "[No Variations]"
Change component parameters (AddParameter): Name = "TDE-PN"; Value = "-"; VariantName = "[No Variations]"
Change component parameters (AddParameter): Name = "Value"; Value = "2.2uF50V"; VariantName = "[No Variations]"
Change Class Name : Old Net Name=DVT-Volga New Net Name=DVT-Volga-V2
Change Room Name: Old Name=DVT-Volga New Name=DVT-Volga-V2
Change Room Scope: Old Scope=InComponentClass('DVT-Volga') New Scope=InComponentClass('DVT-Volga-V2')
