Added Component: Designator=C14(Dummy-10mm)
Added Pin To Net: NetName=PVCC Pin=C1-1
Added Pin To Net: NetName=A-GND Pin=C1-2
Added Pin To Net: NetName=PVCC Pin=C2-1
Added Pin To Net: NetName=A-GND Pin=C2-2
Added Pin To Net: NetName=PVCC Pin=C3-1
Added Pin To Net: NetName=A-GND Pin=C3-2
Added Pin To Net: NetName=PVCC Pin=C4-1
Added Pin To Net: NetName=A-GND Pin=C4-2
Added Pin To Net: NetName=PVCC Pin=C5-1
Added Pin To Net: NetName=A-GND Pin=C5-2
Added Pin To Net: NetName=PVCC Pin=C6-1
Added Pin To Net: NetName=A-GND Pin=C6-2
Added Pin To Net: NetName=5VCC Pin=C7-1
Added Pin To Net: NetName=D-GND Pin=C7-2
Added Pin To Net: NetName=5VCC Pin=C8-1
Added Pin To Net: NetName=D-GND Pin=C8-2
Added Pin To Net: NetName=5VCC Pin=C9-1
Added Pin To Net: NetName=D-GND Pin=C9-2
Added Pin To Net: NetName=5VCC Pin=C10-1
Added Pin To Net: NetName=D-GND Pin=C10-2
Added Pin To Net: NetName=5VCC Pin=C11-1
Added Pin To Net: NetName=D-GND Pin=C11-2
Added Pin To Net: NetName=5VCC Pin=C12-1
Added Pin To Net: NetName=D-GND Pin=C12-2
Added Pin To Net: NetName=5VCC Pin=C13-1
Added Pin To Net: NetName=D-GND Pin=C13-2
Added Pin To Net: NetName=NetC14_1 Pin=C14-1
Added Pin To Net: NetName=NetC14_1 Pin=C14-1
Added Pin To Net: NetName=NetC14_2 Pin=C14-2
Added Pin To Net: NetName=NetC14_2 Pin=C14-2
Added Pin To Net: NetName=NetC15_1 Pin=C15-1
Added Pin To Net: NetName=NetC15_2 Pin=C15-2
Added Pin To Net: NetName=NetC16_1 Pin=C16-1
Added Pin To Net: NetName=A-GND Pin=C16-2
Added Pin To Net: NetName=NetC17_1 Pin=C17-1
Added Pin To Net: NetName=A-GND Pin=C17-2
Added Member To Class: ClassName=DVT-Atlas-Driver1 Member=Component C14 Capacitor-Dummy-THT
