Change Component Footprint: Designator=C2 Old Footprint=KEMET-C052H New Footprint=Dummy-10mm
Change Component Footprint: Designator=C3 Old Footprint=KEMET-C052H New Footprint=Dummy-10mm
Change Component Footprint: Designator=C4 Old Footprint=KEMET-C052H New Footprint=Dummy-10mm
Change Component Footprint: Designator=C5 Old Footprint=KEMET-C052H New Footprint=Dummy-10mm
Change Component Footprint: Designator=C6 Old Footprint=KEMET-C052H New Footprint=Dummy-10mm
Change Component Footprint: Designator=C7 Old Footprint=KEMET-C052H New Footprint=Dummy-10mm
Change Component Footprint: Designator=C9 Old Footprint=KEMET-C052H New Footprint=Dummy-10mm
Change Component Footprint: Designator=C10 Old Footprint=KEMET-C052H New Footprint=Dummy-10mm
Change Component Footprint: Designator=C11 Old Footprint=KEMET-C052H New Footprint=Dummy-10mm
Change Component Footprint: Designator=C12 Old Footprint=KEMET-C052H New Footprint=Dummy-10mm
Change Component Footprint: Designator=C13 Old Footprint=KEMET-C052H New Footprint=Dummy-10mm
Change Component Footprint: Designator=C14 Old Footprint=KEMET-C052H New Footprint=Dummy-10mm
Change Component Footprint: Designator=C15 Old Footprint=KEMET-C052H New Footprint=Dummy-10mm
Change Component Footprint: Designator=C16 Old Footprint=KEMET-C052H New Footprint=Dummy-10mm
Change Component Footprint: Designator=C17 Old Footprint=KEMET-C052H New Footprint=Dummy-10mm
Added Pin To Net: NetName=PVCC Pin=C1-1
Added Pin To Net: NetName=PVCC Pin=C1-1
Added Pin To Net: NetName=A-GND Pin=C1-2
Added Pin To Net: NetName=A-GND Pin=C1-2
Added Pin To Net: NetName=PVCC Pin=C2-1
Added Pin To Net: NetName=PVCC Pin=C2-1
Added Pin To Net: NetName=A-GND Pin=C2-2
Added Pin To Net: NetName=A-GND Pin=C2-2
Added Pin To Net: NetName=PVCC Pin=C3-1
Added Pin To Net: NetName=PVCC Pin=C3-1
Added Pin To Net: NetName=A-GND Pin=C3-2
Added Pin To Net: NetName=A-GND Pin=C3-2
Added Pin To Net: NetName=PVCC Pin=C4-1
Added Pin To Net: NetName=PVCC Pin=C4-1
Added Pin To Net: NetName=A-GND Pin=C4-2
Added Pin To Net: NetName=A-GND Pin=C4-2
Added Pin To Net: NetName=PVCC Pin=C5-1
Added Pin To Net: NetName=PVCC Pin=C5-1
Added Pin To Net: NetName=A-GND Pin=C5-2
Added Pin To Net: NetName=A-GND Pin=C5-2
Added Pin To Net: NetName=PVCC Pin=C6-1
Added Pin To Net: NetName=PVCC Pin=C6-1
Added Pin To Net: NetName=A-GND Pin=C6-2
Added Pin To Net: NetName=A-GND Pin=C6-2
Added Pin To Net: NetName=5VCC Pin=C7-1
Added Pin To Net: NetName=5VCC Pin=C7-1
Added Pin To Net: NetName=D-GND Pin=C7-2
Added Pin To Net: NetName=D-GND Pin=C7-2
Added Pin To Net: NetName=5VCC Pin=C8-1
Added Pin To Net: NetName=5VCC Pin=C8-1
Added Pin To Net: NetName=D-GND Pin=C8-2
Added Pin To Net: NetName=D-GND Pin=C8-2
Added Pin To Net: NetName=5VCC Pin=C9-1
Added Pin To Net: NetName=5VCC Pin=C9-1
Added Pin To Net: NetName=D-GND Pin=C9-2
Added Pin To Net: NetName=D-GND Pin=C9-2
Added Pin To Net: NetName=5VCC Pin=C10-1
Added Pin To Net: NetName=5VCC Pin=C10-1
Added Pin To Net: NetName=D-GND Pin=C10-2
Added Pin To Net: NetName=D-GND Pin=C10-2
Added Pin To Net: NetName=5VCC Pin=C11-1
Added Pin To Net: NetName=5VCC Pin=C11-1
Added Pin To Net: NetName=D-GND Pin=C11-2
Added Pin To Net: NetName=D-GND Pin=C11-2
Added Pin To Net: NetName=5VCC Pin=C12-1
Added Pin To Net: NetName=5VCC Pin=C12-1
Added Pin To Net: NetName=D-GND Pin=C12-2
Added Pin To Net: NetName=D-GND Pin=C12-2
Added Pin To Net: NetName=5VCC Pin=C13-1
Added Pin To Net: NetName=5VCC Pin=C13-1
Added Pin To Net: NetName=D-GND Pin=C13-2
Added Pin To Net: NetName=D-GND Pin=C13-2
Added Pin To Net: NetName=NetC14_1 Pin=C14-1
Added Pin To Net: NetName=NetC14_1 Pin=C14-1
Added Pin To Net: NetName=NetC14_2 Pin=C14-2
Added Pin To Net: NetName=NetC14_2 Pin=C14-2
Added Pin To Net: NetName=NetC15_1 Pin=C15-1
Added Pin To Net: NetName=NetC15_1 Pin=C15-1
Added Pin To Net: NetName=NetC15_2 Pin=C15-2
Added Pin To Net: NetName=NetC15_2 Pin=C15-2
Added Pin To Net: NetName=NetC16_1 Pin=C16-1
Added Pin To Net: NetName=NetC16_1 Pin=C16-1
Added Pin To Net: NetName=A-GND Pin=C16-2
Added Pin To Net: NetName=A-GND Pin=C16-2
Added Pin To Net: NetName=NetC17_1 Pin=C17-1
Added Pin To Net: NetName=NetC17_1 Pin=C17-1
Added Pin To Net: NetName=A-GND Pin=C17-2
Added Pin To Net: NetName=A-GND Pin=C17-2
