Added Component: Designator=P1(HDR1X8_2.54)
Added Pin To Net: NetName=D-GND Pin=P1-7
Added Pin To Net: NetName=D-GND Pin=P1-8
Added Pin To Net: NetName=D-GND Pin=U1-7
Added Pin To Net: NetName=D-GND Pin=U1-8
Added Pin To Net: NetName=NetP1_1 Pin=P1-1
Added Pin To Net: NetName=NetP1_1 Pin=U1-3
Added Net: Name=NetP1_1
Added Pin To Net: NetName=NetP1_2 Pin=P1-2
Added Pin To Net: NetName=NetP1_2 Pin=U1-5
Added Net: Name=NetP1_2
Added Pin To Net: NetName=NetP1_3 Pin=P1-3
Added Pin To Net: NetName=NetP1_3 Pin=U1-4
Added Net: Name=NetP1_3
Added Pin To Net: NetName=NetP1_4 Pin=P1-4
Added Pin To Net: NetName=NetP1_4 Pin=U1-12
Added Net: Name=NetP1_4
Added Pin To Net: NetName=NetP1_5 Pin=P1-5
Added Pin To Net: NetName=NetP1_5 Pin=U1-10
Added Net: Name=NetP1_5
Added Pin To Net: NetName=NetP1_6 Pin=P1-6
Added Pin To Net: NetName=NetP1_6 Pin=U1-11
Added Net: Name=NetP1_6
Added Member To Class: ClassName=DVT-Atlas-Driver Member=Component C4 Capacitor-Dummy-THT
Added Member To Class: ClassName=DVT-Atlas-Driver Member=Component C5 Capacitor-Dummy-THT
Added Member To Class: ClassName=DVT-Atlas-Driver Member=Component C6 Capacitor-Dummy-THT
Added Member To Class: ClassName=DVT-Atlas-Driver Member=Component P1 Plug_08_2.54
