Change Component Designator: OldDesignator=C4 NewDesignator=C7
Change Component Designator: OldDesignator=C5 NewDesignator=C8
Change Component Designator: OldDesignator=C6 NewDesignator=C9
Added Component: Designator=C4(Dummy-10mm)
Added Component: Designator=C5(Dummy-10mm)
Added Component: Designator=C6(Dummy-10mm)
Added Component: Designator=C10(Dummy-10mm)
Added Component: Designator=C11(Dummy-10mm)
Added Component: Designator=C12(Dummy-10mm)
Added Pin To Net: NetName=PVCC Pin=C4-1
Added Pin To Net: NetName=A-GND Pin=C4-2
Added Pin To Net: NetName=PVCC Pin=C5-1
Added Pin To Net: NetName=A-GND Pin=C5-2
Added Pin To Net: NetName=PVCC Pin=C6-1
Added Pin To Net: NetName=A-GND Pin=C6-2
Added Pin To Net: NetName=5VCC Pin=C10-1
Added Pin To Net: NetName=D-GND Pin=C10-2
Added Pin To Net: NetName=5VCC Pin=C11-1
Added Pin To Net: NetName=D-GND Pin=C11-2
Added Pin To Net: NetName=5VCC Pin=C12-1
Added Pin To Net: NetName=D-GND Pin=C12-2
Added Member To Class: ClassName=DVT-Atlas-Driver Member=Component C7 Capacitor-Dummy-THT
Added Member To Class: ClassName=DVT-Atlas-Driver Member=Component C8 Capacitor-Dummy-THT
Added Member To Class: ClassName=DVT-Atlas-Driver Member=Component C9 Capacitor-Dummy-THT
Added Member To Class: ClassName=DVT-Atlas-Driver Member=Component C10 Capacitor-Dummy-THT
Added Member To Class: ClassName=DVT-Atlas-Driver Member=Component C11 Capacitor-Dummy-THT
Added Member To Class: ClassName=DVT-Atlas-Driver Member=Component C12 Capacitor-Dummy-THT
