Added Component: Designator=3(DIP-14)
Add component. Clean all parameters for all variants
Add component (AddParameter): Name = "Deliverer"; Value = "RS"; VariantName = "[No Variations]"
Add component (AddParameter): Name = "Deliverer PartNr"; Value = "307-519"; VariantName = "[No Variations]"
Add component (AddParameter): Name = "Manufacturer"; Value = "TI"; VariantName = "[No Variations]"
Add component (AddParameter): Name = "Manufacturer PartNr"; Value = "SN74LS08N"; VariantName = "[No Variations]"
Add component (AddParameter): Name = "PackageDescription"; Value = "DIP14"; VariantName = "[No Variations]"
Add component (AddParameter): Name = "Price"; Value = "0.56"; VariantName = "[No Variations]"
Add component (AddParameter): Name = "Published"; Value = "24.11.2016"; VariantName = "[No Variations]"
Add component (AddParameter): Name = "Publisher"; Value = "Sebastian Kulik"; VariantName = "[No Variations]"
Add component (AddParameter): Name = "TDE-PN"; Value = "IC0088"; VariantName = "[No Variations]"
Added Component: Designator=5Vcc(Phoenix-2-5_08)
Add component. Clean all parameters for all variants
Add component (AddParameter): Name = "Deliverer"; Value = "RS"; VariantName = "[No Variations]"
Add component (AddParameter): Name = "Deliverer PartNr"; Value = "193-0564"; VariantName = "[No Variations]"
Add component (AddParameter): Name = "LatestRevisionDate"; Value = "02.05.2014"; VariantName = "[No Variations]"
Add component (AddParameter): Name = "LatestRevisionNote"; Value = "Re-released for DXP Platform."; VariantName = "[No Variations]"
Add component (AddParameter): Name = "Manufacturer"; Value = "Phoenix"; VariantName = "[No Variations]"
Add component (AddParameter): Name = "Manufacturer PartNr"; Value = "1715721"; VariantName = "[No Variations]"
Add component (AddParameter): Name = "PackageDescription"; Value = "Phoenix-2-5_08"; VariantName = "[No Variations]"
Add component (AddParameter): Name = "Price"; Value = "0.976/5"; VariantName = "[No Variations]"
Add component (AddParameter): Name = "Publisher"; Value = "Sebastian Kulik"; VariantName = "[No Variations]"
Add component (AddParameter): Name = "TDE-PN"; Value = "CON0008"; VariantName = "[No Variations]"
Added Component: Designator=C1(Dummy-10mm)
Add component. Clean all parameters for all variants
Add component (AddParameter): Name = "Deliverer"; Value = "RS"; VariantName = "[No Variations]"
Add component (AddParameter): Name = "Deliverer PartNr"; Value = "721-5240"; VariantName = "[No Variations]"
Add component (AddParameter): Name = "Manufacturer"; Value = "-"; VariantName = "[No Variations]"
Add component (AddParameter): Name = "Manufacturer PartNr"; Value = "-"; VariantName = "[No Variations]"
Add component (AddParameter): Name = "PackageDescription"; Value = "-"; VariantName = "[No Variations]"
Add component (AddParameter): Name = "Part Description"; Value = "Capacitor-Dummy-THT"; VariantName = "[No Variations]"
Add component (AddParameter): Name = "Price"; Value = "0.081/50"; VariantName = "[No Variations]"
Add component (AddParameter): Name = "Published"; Value = "08.12.2015"; VariantName = "[No Variations]"
Add component (AddParameter): Name = "Publisher"; Value = "Sebastian Kulik"; VariantName = "[No Variations]"
Add component (AddParameter): Name = "TDE-PN"; Value = "-"; VariantName = "[No Variations]"
Add component (AddParameter): Name = "Value"; Value = "100nF"; VariantName = "[No Variations]"
Added Component: Designator=C2(Dummy-10mm)
Add component. Clean all parameters for all variants
Add component (AddParameter): Name = "Deliverer"; Value = "RS"; VariantName = "[No Variations]"
Add component (AddParameter): Name = "Deliverer PartNr"; Value = "721-5240"; VariantName = "[No Variations]"
Add component (AddParameter): Name = "Manufacturer"; Value = "-"; VariantName = "[No Variations]"
Add component (AddParameter): Name = "Manufacturer PartNr"; Value = "-"; VariantName = "[No Variations]"
Add component (AddParameter): Name = "PackageDescription"; Value = "-"; VariantName = "[No Variations]"
Add component (AddParameter): Name = "Part Description"; Value = "Capacitor-Dummy-THT"; VariantName = "[No Variations]"
Add component (AddParameter): Name = "Price"; Value = "0.081/50"; VariantName = "[No Variations]"
Add component (AddParameter): Name = "Published"; Value = "08.12.2015"; VariantName = "[No Variations]"
Add component (AddParameter): Name = "Publisher"; Value = "Sebastian Kulik"; VariantName = "[No Variations]"
Add component (AddParameter): Name = "TDE-PN"; Value = "-"; VariantName = "[No Variations]"
Add component (AddParameter): Name = "Value"; Value = "100nF"; VariantName = "[No Variations]"
Added Component: Designator=C3(Dummy-10mm)
Add component. Clean all parameters for all variants
Add component (AddParameter): Name = "Deliverer"; Value = "RS"; VariantName = "[No Variations]"
Add component (AddParameter): Name = "Deliverer PartNr"; Value = "117-344"; VariantName = "[No Variations]"
Add component (AddParameter): Name = "Manufacturer"; Value = "-"; VariantName = "[No Variations]"
Add component (AddParameter): Name = "Manufacturer PartNr"; Value = "-"; VariantName = "[No Variations]"
Add component (AddParameter): Name = "PackageDescription"; Value = "-"; VariantName = "[No Variations]"
Add component (AddParameter): Name = "Part Description"; Value = "Capacitor-Dummy-THT"; VariantName = "[No Variations]"
Add component (AddParameter): Name = "Price"; Value = "0.09/10"; VariantName = "[No Variations]"
Add component (AddParameter): Name = "Published"; Value = "08.12.2015"; VariantName = "[No Variations]"
Add component (AddParameter): Name = "Publisher"; Value = "Sebastian Kulik"; VariantName = "[No Variations]"
Add component (AddParameter): Name = "TDE-PN"; Value = "-"; VariantName = "[No Variations]"
Add component (AddParameter): Name = "Value"; Value = "100pF"; VariantName = "[No Variations]"
Added Component: Designator=C4(Dummy-10mm)
Add component. Clean all parameters for all variants
Add component (AddParameter): Name = "Deliverer"; Value = "RS"; VariantName = "[No Variations]"
Add component (AddParameter): Name = "Deliverer PartNr"; Value = "117-344"; VariantName = "[No Variations]"
Add component (AddParameter): Name = "Manufacturer"; Value = "-"; VariantName = "[No Variations]"
Add component (AddParameter): Name = "Manufacturer PartNr"; Value = "-"; VariantName = "[No Variations]"
Add component (AddParameter): Name = "PackageDescription"; Value = "-"; VariantName = "[No Variations]"
Add component (AddParameter): Name = "Part Description"; Value = "Capacitor-Dummy-THT"; VariantName = "[No Variations]"
Add component (AddParameter): Name = "Price"; Value = "0.09/10"; VariantName = "[No Variations]"
Add component (AddParameter): Name = "Published"; Value = "08.12.2015"; VariantName = "[No Variations]"
Add component (AddParameter): Name = "Publisher"; Value = "Sebastian Kulik"; VariantName = "[No Variations]"
Add component (AddParameter): Name = "TDE-PN"; Value = "-"; VariantName = "[No Variations]"
Add component (AddParameter): Name = "Value"; Value = "100pF"; VariantName = "[No Variations]"
Added Component: Designator=C5(Dummy-10mm)
Add component. Clean all parameters for all variants
Add component (AddParameter): Name = "Deliverer"; Value = "RS"; VariantName = "[No Variations]"
Add component (AddParameter): Name = "Deliverer PartNr"; Value = "117-344"; VariantName = "[No Variations]"
Add component (AddParameter): Name = "Manufacturer"; Value = "-"; VariantName = "[No Variations]"
Add component (AddParameter): Name = "Manufacturer PartNr"; Value = "-"; VariantName = "[No Variations]"
Add component (AddParameter): Name = "PackageDescription"; Value = "-"; VariantName = "[No Variations]"
Add component (AddParameter): Name = "Part Description"; Value = "Capacitor-Dummy-THT"; VariantName = "[No Variations]"
Add component (AddParameter): Name = "Price"; Value = "0.09/10"; VariantName = "[No Variations]"
Add component (AddParameter): Name = "Published"; Value = "08.12.2015"; VariantName = "[No Variations]"
Add component (AddParameter): Name = "Publisher"; Value = "Sebastian Kulik"; VariantName = "[No Variations]"
Add component (AddParameter): Name = "TDE-PN"; Value = "-"; VariantName = "[No Variations]"
Add component (AddParameter): Name = "Value"; Value = "100pF"; VariantName = "[No Variations]"
Added Component: Designator=C6(Dummy-10mm)
Add component. Clean all parameters for all variants
Add component (AddParameter): Name = "Deliverer"; Value = "RS"; VariantName = "[No Variations]"
Add component (AddParameter): Name = "Deliverer PartNr"; Value = "117-344"; VariantName = "[No Variations]"
Add component (AddParameter): Name = "Manufacturer"; Value = "-"; VariantName = "[No Variations]"
Add component (AddParameter): Name = "Manufacturer PartNr"; Value = "-"; VariantName = "[No Variations]"
Add component (AddParameter): Name = "PackageDescription"; Value = "-"; VariantName = "[No Variations]"
Add component (AddParameter): Name = "Part Description"; Value = "Capacitor-Dummy-THT"; VariantName = "[No Variations]"
Add component (AddParameter): Name = "Price"; Value = "0.09/10"; VariantName = "[No Variations]"
Add component (AddParameter): Name = "Published"; Value = "08.12.2015"; VariantName = "[No Variations]"
Add component (AddParameter): Name = "Publisher"; Value = "Sebastian Kulik"; VariantName = "[No Variations]"
Add component (AddParameter): Name = "TDE-PN"; Value = "-"; VariantName = "[No Variations]"
Add component (AddParameter): Name = "Value"; Value = "100pF"; VariantName = "[No Variations]"
Added Component: Designator=P1(HDR1X8_2.54)
Add component. Clean all parameters for all variants
Add component (AddParameter): Name = "Deliverer"; Value = "WE"; VariantName = "[No Variations]"
Add component (AddParameter): Name = "Deliverer PartNr"; Value = "61300811121"; VariantName = "[No Variations]"
Add component (AddParameter): Name = "LatestRevisionDate"; Value = "11.11.2014"; VariantName = "[No Variations]"
Add component (AddParameter): Name = "LatestRevisionNote"; Value = "Re-released for DXP Platform."; VariantName = "[No Variations]"
Add component (AddParameter): Name = "Manufacturer"; Value = "WE"; VariantName = "[No Variations]"
Add component (AddParameter): Name = "Manufacturer PartNr"; Value = "61300811121"; VariantName = "[No Variations]"
Add component (AddParameter): Name = "Publisher"; Value = "Sebastian Kulik"; VariantName = "[No Variations]"
Add component (AddParameter): Name = "TDE-PN"; Value = "CON0035"; VariantName = "[No Variations]"
Added Component: Designator=U1(DIP-14)
Add component. Clean all parameters for all variants
Add component (AddParameter): Name = "Deliverer"; Value = "RS"; VariantName = "[No Variations]"
Add component (AddParameter): Name = "Deliverer PartNr"; Value = "305-529"; VariantName = "[No Variations]"
Add component (AddParameter): Name = "Manufacturer"; Value = "TI"; VariantName = "[No Variations]"
Add component (AddParameter): Name = "Manufacturer PartNr"; Value = "SN7404N"; VariantName = "[No Variations]"
Add component (AddParameter): Name = "PackageDescription"; Value = "DIP14"; VariantName = "[No Variations]"
Add component (AddParameter): Name = "Price"; Value = "1"; VariantName = "[No Variations]"
Add component (AddParameter): Name = "Published"; Value = "24.11.2016"; VariantName = "[No Variations]"
Add component (AddParameter): Name = "Publisher"; Value = "Sebastian Kulik"; VariantName = "[No Variations]"
Add component (AddParameter): Name = "TDE-PN"; Value = "IC0086"; VariantName = "[No Variations]"
Added Component: Designator=U2(DIP-14)
Add component. Clean all parameters for all variants
Add component (AddParameter): Name = "Deliverer"; Value = "RS"; VariantName = "[No Variations]"
Add component (AddParameter): Name = "Deliverer PartNr"; Value = "307-519"; VariantName = "[No Variations]"
Add component (AddParameter): Name = "Manufacturer"; Value = "TI"; VariantName = "[No Variations]"
Add component (AddParameter): Name = "Manufacturer PartNr"; Value = "SN74LS08N"; VariantName = "[No Variations]"
Add component (AddParameter): Name = "PackageDescription"; Value = "DIP14"; VariantName = "[No Variations]"
Add component (AddParameter): Name = "Price"; Value = "0.56"; VariantName = "[No Variations]"
Add component (AddParameter): Name = "Published"; Value = "24.11.2016"; VariantName = "[No Variations]"
Add component (AddParameter): Name = "Publisher"; Value = "Sebastian Kulik"; VariantName = "[No Variations]"
Add component (AddParameter): Name = "TDE-PN"; Value = "IC0088"; VariantName = "[No Variations]"
Added Component: Designator=U3(DIP-14)
Add component. Clean all parameters for all variants
Add component (AddParameter): Name = "Deliverer"; Value = "RS"; VariantName = "[No Variations]"
Add component (AddParameter): Name = "Deliverer PartNr"; Value = "307-519"; VariantName = "[No Variations]"
Add component (AddParameter): Name = "Manufacturer"; Value = "TI"; VariantName = "[No Variations]"
Add component (AddParameter): Name = "Manufacturer PartNr"; Value = "SN74LS08N"; VariantName = "[No Variations]"
Add component (AddParameter): Name = "PackageDescription"; Value = "DIP14"; VariantName = "[No Variations]"
Add component (AddParameter): Name = "Price"; Value = "0.56"; VariantName = "[No Variations]"
Add component (AddParameter): Name = "Published"; Value = "24.11.2016"; VariantName = "[No Variations]"
Add component (AddParameter): Name = "Publisher"; Value = "Sebastian Kulik"; VariantName = "[No Variations]"
Add component (AddParameter): Name = "TDE-PN"; Value = "IC0088"; VariantName = "[No Variations]"
Added Component: Designator=U4(DIP-14)
Add component. Clean all parameters for all variants
Add component (AddParameter): Name = "Deliverer"; Value = "RS"; VariantName = "[No Variations]"
Add component (AddParameter): Name = "Deliverer PartNr"; Value = "304-093"; VariantName = "[No Variations]"
Add component (AddParameter): Name = "Manufacturer"; Value = "TI"; VariantName = "[No Variations]"
Add component (AddParameter): Name = "Manufacturer PartNr"; Value = "SN7432N"; VariantName = "[No Variations]"
Add component (AddParameter): Name = "PackageDescription"; Value = "DIP14"; VariantName = "[No Variations]"
Add component (AddParameter): Name = "Price"; Value = "1.24"; VariantName = "[No Variations]"
Add component (AddParameter): Name = "Published"; Value = "24.11.2016"; VariantName = "[No Variations]"
Add component (AddParameter): Name = "Publisher"; Value = "Sebastian Kulik"; VariantName = "[No Variations]"
Add component (AddParameter): Name = "TDE-PN"; Value = "IC0087"; VariantName = "[No Variations]"
Added Pin To Net: NetName=Net3_11 Pin=3-11
Added Pin To Net: NetName=Net3_11 Pin=P1-4
Added Net: Name=Net3_11
Added Pin To Net: NetName=Net3_12 Pin=3-12
Added Pin To Net: NetName=Net3_12 Pin=U4-11
Added Net: Name=Net3_12
Added Pin To Net: NetName=Net3_13 Pin=3-13
Added Pin To Net: NetName=Net3_13 Pin=P1-3
Added Net: Name=Net3_13
Added Pin To Net: NetName=NetP1_1 Pin=P1-1
Added Pin To Net: NetName=NetP1_1 Pin=U1-1
Added Pin To Net: NetName=NetP1_1 Pin=U2-4
Added Net: Name=NetP1_1
Added Pin To Net: NetName=NetP1_2 Pin=P1-2
Added Pin To Net: NetName=NetP1_2 Pin=U1-3
Added Pin To Net: NetName=NetP1_2 Pin=U2-2
Added Net: Name=NetP1_2
Added Pin To Net: NetName=NetP1_6 Pin=P1-6
Added Pin To Net: NetName=NetP1_6 Pin=U2-12
Added Net: Name=NetP1_6
Added Pin To Net: NetName=NetP1_7 Pin=P1-7
Added Pin To Net: NetName=NetP1_7 Pin=U3-9
Added Net: Name=NetP1_7
Added Pin To Net: NetName=NetP1_8 Pin=P1-8
Added Pin To Net: NetName=NetP1_8 Pin=U2-9
Added Net: Name=NetP1_8
Added Pin To Net: NetName=NetU1_2 Pin=U1-2
Added Pin To Net: NetName=NetU1_2 Pin=U2-10
Added Net: Name=NetU1_2
Added Pin To Net: NetName=NetU1_4 Pin=U1-4
Added Pin To Net: NetName=NetU1_4 Pin=U3-10
Added Net: Name=NetU1_4
Added Pin To Net: NetName=NetU2_3 Pin=U2-3
Added Pin To Net: NetName=NetU2_3 Pin=U3-2
Added Net: Name=NetU2_3
Added Pin To Net: NetName=NetU2_6 Pin=U2-6
Added Pin To Net: NetName=NetU2_6 Pin=U2-13
Added Net: Name=NetU2_6
Added Pin To Net: NetName=NetU2_8 Pin=U2-8
Added Pin To Net: NetName=NetU2_8 Pin=U4-1
Added Net: Name=NetU2_8
Added Pin To Net: NetName=NetU2_11 Pin=U2-11
Added Pin To Net: NetName=NetU2_11 Pin=U4-2
Added Net: Name=NetU2_11
Added Pin To Net: NetName=NetU3_1 Pin=U3-1
Added Pin To Net: NetName=NetU3_1 Pin=U4-3
Added Net: Name=NetU3_1
Added Pin To Net: NetName=NetU3_3 Pin=U3-3
Added Pin To Net: NetName=NetU3_3 Pin=U4-12
Added Net: Name=NetU3_3
Added Pin To Net: NetName=NetU3_4 Pin=U3-4
Added Pin To Net: NetName=NetU3_4 Pin=U4-8
Added Net: Name=NetU3_4
Added Pin To Net: NetName=NetU3_6 Pin=U3-6
Added Pin To Net: NetName=NetU3_6 Pin=U4-13
Added Net: Name=NetU3_6
Added Pin To Net: NetName=NetU3_8 Pin=U3-8
Added Pin To Net: NetName=NetU3_8 Pin=U4-10
Added Net: Name=NetU3_8
Added Pin To Net: NetName=Vdd Pin=5Vcc-1
Added Pin To Net: NetName=Vdd Pin=C1-1
Added Pin To Net: NetName=Vdd Pin=C2-1
Added Pin To Net: NetName=Vdd Pin=C3-1
Added Pin To Net: NetName=Vdd Pin=C4-1
Added Pin To Net: NetName=Vdd Pin=C5-1
Added Pin To Net: NetName=Vdd Pin=C6-1
Added Pin To Net: NetName=Vdd Pin=U1-14
Added Pin To Net: NetName=Vdd Pin=U2-1
Added Pin To Net: NetName=Vdd Pin=U2-5
Added Pin To Net: NetName=Vdd Pin=U2-14
Added Pin To Net: NetName=Vdd Pin=U3-5
Added Pin To Net: NetName=Vdd Pin=U3-14
Added Pin To Net: NetName=Vdd Pin=U4-14
Added Net: Name=Vdd
Added Pin To Net: NetName=Vss Pin=5Vcc-2
Added Pin To Net: NetName=Vss Pin=C1-2
Added Pin To Net: NetName=Vss Pin=C2-2
Added Pin To Net: NetName=Vss Pin=C3-2
Added Pin To Net: NetName=Vss Pin=C4-2
Added Pin To Net: NetName=Vss Pin=C5-2
Added Pin To Net: NetName=Vss Pin=C6-2
Added Pin To Net: NetName=Vss Pin=P1-5
Added Pin To Net: NetName=Vss Pin=U1-7
Added Pin To Net: NetName=Vss Pin=U2-7
Added Pin To Net: NetName=Vss Pin=U3-7
Added Pin To Net: NetName=Vss Pin=U4-7
Added Pin To Net: NetName=Vss Pin=U4-9
Added Net: Name=Vss
Added Class: Name=FSK-Modulator-V1
Added Room: Name=FSK-Modulator-V1
